[ 2014-07-09T19:45:22+08:00 ] 127.0.0.1 /app/index.php/Home/Public/login.html
INFO: [ app_init ] --START--
INFO: Run Behavior\BuildLiteBehavior [ RunTime:0.000018s ]
INFO: [ app_init ] --END-- [ RunTime:0.013148s ]
INFO: [ app_begin ] --START--
INFO: Run Behavior\ReadHtmlCacheBehavior [ RunTime:0.001210s ]
INFO: [ app_begin ] --END-- [ RunTime:0.001283s ]
INFO: [ view_parse ] --START--
INFO: [ template_filter ] --START--
INFO: Run Behavior\ContentReplaceBehavior [ RunTime:0.000036s ]
INFO: [ template_filter ] --END-- [ RunTime:0.000105s ]
INFO: Run Behavior\ParseTemplateBehavior [ RunTime:0.057411s ]
INFO: [ view_parse ] --END-- [ RunTime:0.057479s ]
INFO: [ view_filter ] --START--
INFO: Run Behavior\WriteHtmlCacheBehavior [ RunTime:0.012876s ]
INFO: [ view_filter ] --END-- [ RunTime:0.012923s ]
INFO: [ app_end ] --START--
INFO: Run Behavior\ShowPageTraceBehavior [ RunTime:0.005282s ]
INFO: [ app_end ] --END-- [ RunTime:0.005333s ]

[ 2014-07-09T19:45:27+08:00 ] 127.0.0.1 /app/index.php/Home/Public/login.html
INFO: [ app_init ] --START--
INFO: Run Behavior\BuildLiteBehavior [ RunTime:0.000014s ]
INFO: [ app_init ] --END-- [ RunTime:0.000474s ]
INFO: [ app_begin ] --START--
INFO: Run Behavior\ReadHtmlCacheBehavior [ RunTime:0.000681s ]
INFO: [ app_begin ] --END-- [ RunTime:0.000733s ]
SQL: SHOW COLUMNS FROM `user` [ RunTime:0.025355s ]
SQL: SELECT `uid`,`name`,`truename` FROM `user` WHERE ( `name` = 'aa' ) AND ( `pwd` = 'aa' ) LIMIT 1   [ RunTime:0.023223s ]

[ 2014-07-09T19:45:27+08:00 ] 127.0.0.1 /app/index.php/Home/Index/index.html
INFO: [ app_init ] --START--
INFO: Run Behavior\BuildLiteBehavior [ RunTime:0.000014s ]
INFO: [ app_init ] --END-- [ RunTime:0.000479s ]
INFO: [ app_begin ] --START--
INFO: Run Behavior\ReadHtmlCacheBehavior [ RunTime:0.000691s ]
INFO: [ app_begin ] --END-- [ RunTime:0.000741s ]
INFO: [ view_parse ] --START--
INFO: [ template_filter ] --START--
INFO: Run Behavior\ContentReplaceBehavior [ RunTime:0.000035s ]
INFO: [ template_filter ] --END-- [ RunTime:0.000098s ]
INFO: Run Behavior\ParseTemplateBehavior [ RunTime:0.037545s ]
INFO: [ view_parse ] --END-- [ RunTime:0.037604s ]
INFO: [ view_filter ] --START--
INFO: Run Behavior\WriteHtmlCacheBehavior [ RunTime:0.000339s ]
INFO: [ view_filter ] --END-- [ RunTime:0.000381s ]
INFO: [ app_end ] --START--
INFO: Run Behavior\ShowPageTraceBehavior [ RunTime:0.000696s ]
INFO: [ app_end ] --END-- [ RunTime:0.000742s ]

[ 2014-07-09T19:45:29+08:00 ] 127.0.0.1 /app/index.php/Home/Image/listImage.html
INFO: [ app_init ] --START--
INFO: Run Behavior\BuildLiteBehavior [ RunTime:0.000015s ]
INFO: [ app_init ] --END-- [ RunTime:0.000487s ]
INFO: [ app_begin ] --START--
INFO: Run Behavior\ReadHtmlCacheBehavior [ RunTime:0.000682s ]
INFO: [ app_begin ] --END-- [ RunTime:0.000734s ]
SQL: SHOW COLUMNS FROM `image` [ RunTime:0.022831s ]
SQL: SELECT * FROM `image`  [ RunTime:0.004076s ]
INFO: [ view_parse ] --START--
INFO: [ template_filter ] --START--
INFO: Run Behavior\ContentReplaceBehavior [ RunTime:0.000046s ]
INFO: [ template_filter ] --END-- [ RunTime:0.000109s ]
INFO: Run Behavior\ParseTemplateBehavior [ RunTime:0.012470s ]
INFO: [ view_parse ] --END-- [ RunTime:0.012560s ]
INFO: [ view_filter ] --START--
INFO: Run Behavior\WriteHtmlCacheBehavior [ RunTime:0.000373s ]
INFO: [ view_filter ] --END-- [ RunTime:0.000417s ]
INFO: [ app_end ] --START--
INFO: Run Behavior\ShowPageTraceBehavior [ RunTime:0.000722s ]
INFO: [ app_end ] --END-- [ RunTime:0.000770s ]

[ 2014-07-09T19:45:33+08:00 ] 127.0.0.1 /app/index.php/Home/Image/readImage/id/7.html
INFO: [ app_init ] --START--
INFO: Run Behavior\BuildLiteBehavior [ RunTime:0.000016s ]
INFO: [ app_init ] --END-- [ RunTime:0.000512s ]
INFO: [ app_begin ] --START--
INFO: Run Behavior\ReadHtmlCacheBehavior [ RunTime:0.000710s ]
INFO: [ app_begin ] --END-- [ RunTime:0.000766s ]
SQL: SHOW COLUMNS FROM `image` [ RunTime:0.001925s ]
SQL: SELECT * FROM `image` WHERE ( `id` = 7 ) LIMIT 1   [ RunTime:0.000247s ]
SQL: SHOW COLUMNS FROM `image_detail` [ RunTime:0.011171s ]
SQL: SELECT * FROM `image_detail` WHERE ( `image_id` = 7 )  [ RunTime:0.000457s ]
INFO: [ view_parse ] --START--
INFO: [ template_filter ] --START--
INFO: Run Behavior\ContentReplaceBehavior [ RunTime:0.000064s ]
INFO: [ template_filter ] --END-- [ RunTime:0.000122s ]
NOTIC: [8] Undefined index: content2 C:\xampp\htdocs\app\Application\Runtime\Cache\Home\91af0b494442a729532da502a52c406c.php 第 54 行.
NOTIC: [8] Undefined index: content3 C:\xampp\htdocs\app\Application\Runtime\Cache\Home\91af0b494442a729532da502a52c406c.php 第 54 行.
INFO: Run Behavior\ParseTemplateBehavior [ RunTime:0.016820s ]
INFO: [ view_parse ] --END-- [ RunTime:0.016881s ]
INFO: [ view_filter ] --START--
INFO: Run Behavior\WriteHtmlCacheBehavior [ RunTime:0.000407s ]
INFO: [ view_filter ] --END-- [ RunTime:0.000454s ]
INFO: [ app_end ] --START--
INFO: Run Behavior\ShowPageTraceBehavior [ RunTime:0.000806s ]
INFO: [ app_end ] --END-- [ RunTime:0.000862s ]

[ 2014-07-09T19:45:41+08:00 ] 127.0.0.1 /app/index.php/Home/Image/saveDetail.html
INFO: [ app_init ] --START--
INFO: Run Behavior\BuildLiteBehavior [ RunTime:0.000014s ]
INFO: [ app_init ] --END-- [ RunTime:0.000482s ]
INFO: [ app_begin ] --START--
INFO: Run Behavior\ReadHtmlCacheBehavior [ RunTime:0.000673s ]
INFO: [ app_begin ] --END-- [ RunTime:0.000725s ]
SQL: SHOW COLUMNS FROM `image_detail` [ RunTime:0.001974s ]
SQL: DELETE FROM `image_detail` WHERE ( image_id=7 ) [ RunTime:0.073311s ]
SQL: INSERT INTO `image_detail` (`image_id`,`content1`,`content2`,`content3`,`left`,`top`) VALUES (7,'3','44','55','380px','253px') [ RunTime:0.014713s ]
SQL: INSERT INTO `image_detail` (`image_id`,`content1`,`content2`,`content3`,`left`,`top`) VALUES (7,'55','66','77','395px','103px') [ RunTime:0.000126s ]
SQL: INSERT INTO `image_detail` (`image_id`,`content1`,`content2`,`content3`,`left`,`top`) VALUES (7,'11','22','33','119px','293px') [ RunTime:0.000110s ]
SQL: INSERT INTO `image_detail` (`image_id`,`content1`,`content2`,`content3`,`left`,`top`) VALUES (7,'','','','100px','138px') [ RunTime:0.000114s ]
INFO: [ view_parse ] --START--
INFO: [ template_filter ] --START--
INFO: Run Behavior\ContentReplaceBehavior [ RunTime:0.000041s ]
INFO: [ template_filter ] --END-- [ RunTime:0.000102s ]
INFO: Run Behavior\ParseTemplateBehavior [ RunTime:0.025572s ]
INFO: [ view_parse ] --END-- [ RunTime:0.025626s ]
INFO: [ view_filter ] --START--
INFO: Run Behavior\WriteHtmlCacheBehavior [ RunTime:0.000344s ]
INFO: [ view_filter ] --END-- [ RunTime:0.000386s ]
INFO: [ app_end ] --START--
INFO: Run Behavior\ShowPageTraceBehavior [ RunTime:0.000708s ]
INFO: [ app_end ] --END-- [ RunTime:0.000753s ]

[ 2014-07-09T19:45:42+08:00 ] 127.0.0.1 /app/index.php/Home/Image/readImage/id/7.html
INFO: [ app_init ] --START--
INFO: Run Behavior\BuildLiteBehavior [ RunTime:0.000014s ]
INFO: [ app_init ] --END-- [ RunTime:0.000492s ]
INFO: [ app_begin ] --START--
INFO: Run Behavior\ReadHtmlCacheBehavior [ RunTime:0.000706s ]
INFO: [ app_begin ] --END-- [ RunTime:0.000762s ]
SQL: SHOW COLUMNS FROM `image` [ RunTime:0.001930s ]
SQL: SELECT * FROM `image` WHERE ( `id` = 7 ) LIMIT 1   [ RunTime:0.000239s ]
SQL: SHOW COLUMNS FROM `image_detail` [ RunTime:0.001851s ]
SQL: SELECT * FROM `image_detail` WHERE ( `image_id` = 7 )  [ RunTime:0.000280s ]
INFO: [ view_parse ] --START--
INFO: [ template_filter ] --START--
INFO: Run Behavior\ContentReplaceBehavior [ RunTime:0.000065s ]
INFO: [ template_filter ] --END-- [ RunTime:0.000123s ]
NOTIC: [8] Undefined index: content2 C:\xampp\htdocs\app\Application\Runtime\Cache\Home\91af0b494442a729532da502a52c406c.php 第 54 行.
NOTIC: [8] Undefined index: content3 C:\xampp\htdocs\app\Application\Runtime\Cache\Home\91af0b494442a729532da502a52c406c.php 第 54 行.
INFO: Run Behavior\ParseTemplateBehavior [ RunTime:0.010272s ]
INFO: [ view_parse ] --END-- [ RunTime:0.010327s ]
INFO: [ view_filter ] --START--
INFO: Run Behavior\WriteHtmlCacheBehavior [ RunTime:0.000377s ]
INFO: [ view_filter ] --END-- [ RunTime:0.000419s ]
INFO: [ app_end ] --START--
INFO: Run Behavior\ShowPageTraceBehavior [ RunTime:0.000694s ]
INFO: [ app_end ] --END-- [ RunTime:0.000741s ]

[ 2014-07-09T19:45:47+08:00 ] 127.0.0.1 /app/index.php/Home/Image/saveDetail.html
INFO: [ app_init ] --START--
INFO: Run Behavior\BuildLiteBehavior [ RunTime:0.000015s ]
INFO: [ app_init ] --END-- [ RunTime:0.000485s ]
INFO: [ app_begin ] --START--
INFO: Run Behavior\ReadHtmlCacheBehavior [ RunTime:0.000680s ]
INFO: [ app_begin ] --END-- [ RunTime:0.000734s ]
SQL: SHOW COLUMNS FROM `image_detail` [ RunTime:0.001959s ]
SQL: DELETE FROM `image_detail` WHERE ( image_id=7 ) [ RunTime:0.000241s ]
SQL: INSERT INTO `image_detail` (`image_id`,`content1`,`content2`,`content3`,`left`,`top`) VALUES (7,'','','','100px','138px') [ RunTime:0.000133s ]
SQL: INSERT INTO `image_detail` (`image_id`,`content1`,`content2`,`content3`,`left`,`top`) VALUES (7,'11','22','33','119px','293px') [ RunTime:0.000109s ]
SQL: INSERT INTO `image_detail` (`image_id`,`content1`,`content2`,`content3`,`left`,`top`) VALUES (7,'55','66','77','395px','103px') [ RunTime:0.000109s ]
SQL: INSERT INTO `image_detail` (`image_id`,`content1`,`content2`,`content3`,`left`,`top`) VALUES (7,'3','44','55','380px','253px') [ RunTime:0.000118s ]
SQL: INSERT INTO `image_detail` (`image_id`,`content1`,`content2`,`content3`,`left`,`top`) VALUES (7,'','','','100px','100px') [ RunTime:0.000104s ]
INFO: [ view_parse ] --START--
INFO: [ template_filter ] --START--
INFO: Run Behavior\ContentReplaceBehavior [ RunTime:0.000040s ]
INFO: [ template_filter ] --END-- [ RunTime:0.000095s ]
INFO: Run Behavior\ParseTemplateBehavior [ RunTime:0.006920s ]
INFO: [ view_parse ] --END-- [ RunTime:0.006973s ]
INFO: [ view_filter ] --START--
INFO: Run Behavior\WriteHtmlCacheBehavior [ RunTime:0.000341s ]
INFO: [ view_filter ] --END-- [ RunTime:0.000382s ]
INFO: [ app_end ] --START--
INFO: Run Behavior\ShowPageTraceBehavior [ RunTime:0.000701s ]
INFO: [ app_end ] --END-- [ RunTime:0.000746s ]

[ 2014-07-09T19:45:48+08:00 ] 127.0.0.1 /app/index.php/Home/Image/readImage/id/7.html
INFO: [ app_init ] --START--
INFO: Run Behavior\BuildLiteBehavior [ RunTime:0.000014s ]
INFO: [ app_init ] --END-- [ RunTime:0.000485s ]
INFO: [ app_begin ] --START--
INFO: Run Behavior\ReadHtmlCacheBehavior [ RunTime:0.000701s ]
INFO: [ app_begin ] --END-- [ RunTime:0.000753s ]
SQL: SHOW COLUMNS FROM `image` [ RunTime:0.001846s ]
SQL: SELECT * FROM `image` WHERE ( `id` = 7 ) LIMIT 1   [ RunTime:0.000233s ]
SQL: SHOW COLUMNS FROM `image_detail` [ RunTime:0.001852s ]
SQL: SELECT * FROM `image_detail` WHERE ( `image_id` = 7 )  [ RunTime:0.000230s ]
INFO: [ view_parse ] --START--
INFO: [ template_filter ] --START--
INFO: Run Behavior\ContentReplaceBehavior [ RunTime:0.000064s ]
INFO: [ template_filter ] --END-- [ RunTime:0.000123s ]
NOTIC: [8] Undefined index: content2 C:\xampp\htdocs\app\Application\Runtime\Cache\Home\91af0b494442a729532da502a52c406c.php 第 54 行.
NOTIC: [8] Undefined index: content3 C:\xampp\htdocs\app\Application\Runtime\Cache\Home\91af0b494442a729532da502a52c406c.php 第 54 行.
INFO: Run Behavior\ParseTemplateBehavior [ RunTime:0.009902s ]
INFO: [ view_parse ] --END-- [ RunTime:0.009954s ]
INFO: [ view_filter ] --START--
INFO: Run Behavior\WriteHtmlCacheBehavior [ RunTime:0.000345s ]
INFO: [ view_filter ] --END-- [ RunTime:0.000387s ]
INFO: [ app_end ] --START--
INFO: Run Behavior\ShowPageTraceBehavior [ RunTime:0.000784s ]
INFO: [ app_end ] --END-- [ RunTime:0.000883s ]

[ 2014-07-09T19:46:00+08:00 ] 127.0.0.1 /app/index.php/Home/Image/readImage/id/7.html
INFO: [ app_init ] --START--
INFO: Run Behavior\BuildLiteBehavior [ RunTime:0.000019s ]
INFO: [ app_init ] --END-- [ RunTime:0.000584s ]
INFO: [ app_begin ] --START--
INFO: Run Behavior\ReadHtmlCacheBehavior [ RunTime:0.000768s ]
INFO: [ app_begin ] --END-- [ RunTime:0.000833s ]
SQL: SHOW COLUMNS FROM `image` [ RunTime:0.001844s ]
SQL: SELECT * FROM `image` WHERE ( `id` = 7 ) LIMIT 1   [ RunTime:0.000232s ]
SQL: SHOW COLUMNS FROM `image_detail` [ RunTime:0.001848s ]
SQL: SELECT * FROM `image_detail` WHERE ( `image_id` = 7 )  [ RunTime:0.000235s ]
INFO: [ view_parse ] --START--
INFO: [ template_filter ] --START--
INFO: Run Behavior\ContentReplaceBehavior [ RunTime:0.000064s ]
INFO: [ template_filter ] --END-- [ RunTime:0.000120s ]
NOTIC: [8] Undefined index: content2 C:\xampp\htdocs\app\Application\Runtime\Cache\Home\91af0b494442a729532da502a52c406c.php 第 54 行.
NOTIC: [8] Undefined index: content3 C:\xampp\htdocs\app\Application\Runtime\Cache\Home\91af0b494442a729532da502a52c406c.php 第 54 行.
INFO: Run Behavior\ParseTemplateBehavior [ RunTime:0.009741s ]
INFO: [ view_parse ] --END-- [ RunTime:0.009795s ]
INFO: [ view_filter ] --START--
INFO: Run Behavior\WriteHtmlCacheBehavior [ RunTime:0.001444s ]
INFO: [ view_filter ] --END-- [ RunTime:0.001507s ]
INFO: [ app_end ] --START--
INFO: Run Behavior\ShowPageTraceBehavior [ RunTime:0.001086s ]
INFO: [ app_end ] --END-- [ RunTime:0.001179s ]

[ 2014-07-09T19:46:19+08:00 ] 127.0.0.1 /app/index.php/Home/Image/readImage/id/7.html
INFO: [ app_init ] --START--
INFO: Run Behavior\BuildLiteBehavior [ RunTime:0.000017s ]
INFO: [ app_init ] --END-- [ RunTime:0.000684s ]
INFO: [ app_begin ] --START--
INFO: Run Behavior\ReadHtmlCacheBehavior [ RunTime:0.000841s ]
INFO: [ app_begin ] --END-- [ RunTime:0.000899s ]
SQL: SHOW COLUMNS FROM `image` [ RunTime:0.001840s ]
SQL: SELECT * FROM `image` WHERE ( `id` = 7 ) LIMIT 1   [ RunTime:0.000237s ]
SQL: SHOW COLUMNS FROM `image_detail` [ RunTime:0.001841s ]
SQL: SELECT * FROM `image_detail` WHERE ( `image_id` = 7 )  [ RunTime:0.000230s ]
INFO: [ view_parse ] --START--
INFO: [ template_filter ] --START--
INFO: Run Behavior\ContentReplaceBehavior [ RunTime:0.000064s ]
INFO: [ template_filter ] --END-- [ RunTime:0.000122s ]
NOTIC: [8] Undefined index: content2 C:\xampp\htdocs\app\Application\Runtime\Cache\Home\91af0b494442a729532da502a52c406c.php 第 54 行.
NOTIC: [8] Undefined index: content3 C:\xampp\htdocs\app\Application\Runtime\Cache\Home\91af0b494442a729532da502a52c406c.php 第 54 行.
INFO: Run Behavior\ParseTemplateBehavior [ RunTime:0.010366s ]
INFO: [ view_parse ] --END-- [ RunTime:0.010418s ]
INFO: [ view_filter ] --START--
INFO: Run Behavior\WriteHtmlCacheBehavior [ RunTime:0.000520s ]
INFO: [ view_filter ] --END-- [ RunTime:0.000567s ]
INFO: [ app_end ] --START--
INFO: Run Behavior\ShowPageTraceBehavior [ RunTime:0.000899s ]
INFO: [ app_end ] --END-- [ RunTime:0.000996s ]

[ 2014-07-09T19:46:38+08:00 ] 127.0.0.1 /app/index.php/Home/Image/saveDetail.html
INFO: [ app_init ] --START--
INFO: Run Behavior\BuildLiteBehavior [ RunTime:0.000014s ]
INFO: [ app_init ] --END-- [ RunTime:0.000485s ]
INFO: [ app_begin ] --START--
INFO: Run Behavior\ReadHtmlCacheBehavior [ RunTime:0.000681s ]
INFO: [ app_begin ] --END-- [ RunTime:0.000733s ]
SQL: SHOW COLUMNS FROM `image_detail` [ RunTime:0.002262s ]
SQL: DELETE FROM `image_detail` WHERE ( image_id=7 ) [ RunTime:0.000288s ]
SQL: INSERT INTO `image_detail` (`image_id`,`content1`,`content2`,`content3`,`left`,`top`) VALUES (7,'3','44','55','380px','253px') [ RunTime:0.000147s ]
SQL: INSERT INTO `image_detail` (`image_id`,`content1`,`content2`,`content3`,`left`,`top`) VALUES (7,'55','66','77','395px','103px') [ RunTime:0.000110s ]
SQL: INSERT INTO `image_detail` (`image_id`,`content1`,`content2`,`content3`,`left`,`top`) VALUES (7,'11','22','33','244px','260px') [ RunTime:0.000110s ]
SQL: INSERT INTO `image_detail` (`image_id`,`content1`,`content2`,`content3`,`left`,`top`) VALUES (7,'','','','134px','347px') [ RunTime:0.000122s ]
SQL: INSERT INTO `image_detail` (`image_id`,`content1`,`content2`,`content3`,`left`,`top`) VALUES (7,'','','','362px','135px') [ RunTime:0.000175s ]
SQL: INSERT INTO `image_detail` (`image_id`,`content1`,`content2`,`content3`,`left`,`top`) VALUES (7,'','','','100px','100px') [ RunTime:0.000109s ]
INFO: [ view_parse ] --START--
INFO: [ template_filter ] --START--
INFO: Run Behavior\ContentReplaceBehavior [ RunTime:0.000040s ]
INFO: [ template_filter ] --END-- [ RunTime:0.000098s ]
INFO: Run Behavior\ParseTemplateBehavior [ RunTime:0.006938s ]
INFO: [ view_parse ] --END-- [ RunTime:0.006994s ]
INFO: [ view_filter ] --START--
INFO: Run Behavior\WriteHtmlCacheBehavior [ RunTime:0.000347s ]
INFO: [ view_filter ] --END-- [ RunTime:0.000389s ]
INFO: [ app_end ] --START--
INFO: Run Behavior\ShowPageTraceBehavior [ RunTime:0.000720s ]
INFO: [ app_end ] --END-- [ RunTime:0.000770s ]

[ 2014-07-09T19:46:39+08:00 ] 127.0.0.1 /app/index.php/Home/Image/readImage/id/7.html
INFO: [ app_init ] --START--
INFO: Run Behavior\BuildLiteBehavior [ RunTime:0.000016s ]
INFO: [ app_init ] --END-- [ RunTime:0.000528s ]
INFO: [ app_begin ] --START--
INFO: Run Behavior\ReadHtmlCacheBehavior [ RunTime:0.000694s ]
INFO: [ app_begin ] --END-- [ RunTime:0.000744s ]
SQL: SHOW COLUMNS FROM `image` [ RunTime:0.001993s ]
SQL: SELECT * FROM `image` WHERE ( `id` = 7 ) LIMIT 1   [ RunTime:0.000249s ]
SQL: SHOW COLUMNS FROM `image_detail` [ RunTime:0.001842s ]
SQL: SELECT * FROM `image_detail` WHERE ( `image_id` = 7 )  [ RunTime:0.000238s ]
INFO: [ view_parse ] --START--
INFO: [ template_filter ] --START--
INFO: Run Behavior\ContentReplaceBehavior [ RunTime:0.000065s ]
INFO: [ template_filter ] --END-- [ RunTime:0.000127s ]
NOTIC: [8] Undefined index: content2 C:\xampp\htdocs\app\Application\Runtime\Cache\Home\91af0b494442a729532da502a52c406c.php 第 54 行.
NOTIC: [8] Undefined index: content3 C:\xampp\htdocs\app\Application\Runtime\Cache\Home\91af0b494442a729532da502a52c406c.php 第 54 行.
INFO: Run Behavior\ParseTemplateBehavior [ RunTime:0.010191s ]
INFO: [ view_parse ] --END-- [ RunTime:0.010249s ]
INFO: [ view_filter ] --START--
INFO: Run Behavior\WriteHtmlCacheBehavior [ RunTime:0.000468s ]
INFO: [ view_filter ] --END-- [ RunTime:0.000512s ]
INFO: [ app_end ] --START--
INFO: Run Behavior\ShowPageTraceBehavior [ RunTime:0.000837s ]
INFO: [ app_end ] --END-- [ RunTime:0.000901s ]

[ 2014-07-09T19:46:51+08:00 ] 127.0.0.1 /app/index.php/Home/Image/saveDetail.html
INFO: [ app_init ] --START--
INFO: Run Behavior\BuildLiteBehavior [ RunTime:0.000015s ]
INFO: [ app_init ] --END-- [ RunTime:0.000491s ]
INFO: [ app_begin ] --START--
INFO: Run Behavior\ReadHtmlCacheBehavior [ RunTime:0.000682s ]
INFO: [ app_begin ] --END-- [ RunTime:0.000732s ]
SQL: SHOW COLUMNS FROM `image_detail` [ RunTime:0.002252s ]
SQL: DELETE FROM `image_detail` WHERE ( image_id=7 ) [ RunTime:0.000310s ]
SQL: INSERT INTO `image_detail` (`image_id`,`content1`,`content2`,`content3`,`left`,`top`) VALUES (7,'','','','134px','347px') [ RunTime:0.000136s ]
SQL: INSERT INTO `image_detail` (`image_id`,`content1`,`content2`,`content3`,`left`,`top`) VALUES (7,'11','22','33','244px','260px') [ RunTime:0.000135s ]
SQL: INSERT INTO `image_detail` (`image_id`,`content1`,`content2`,`content3`,`left`,`top`) VALUES (7,'55','66','77','395px','103px') [ RunTime:0.000115s ]
SQL: INSERT INTO `image_detail` (`image_id`,`content1`,`content2`,`content3`,`left`,`top`) VALUES (7,'3','44','55','380px','253px') [ RunTime:0.000116s ]
SQL: INSERT INTO `image_detail` (`image_id`,`content1`,`content2`,`content3`,`left`,`top`) VALUES (7,'','','','362px','135px') [ RunTime:0.000111s ]
SQL: INSERT INTO `image_detail` (`image_id`,`content1`,`content2`,`content3`,`left`,`top`) VALUES (7,'','','','537px','205px') [ RunTime:0.000107s ]
SQL: INSERT INTO `image_detail` (`image_id`,`content1`,`content2`,`content3`,`left`,`top`) VALUES (7,'','','','100px','225px') [ RunTime:0.000160s ]
INFO: [ view_parse ] --START--
INFO: [ template_filter ] --START--
INFO: Run Behavior\ContentReplaceBehavior [ RunTime:0.000041s ]
INFO: [ template_filter ] --END-- [ RunTime:0.000099s ]
INFO: Run Behavior\ParseTemplateBehavior [ RunTime:0.006933s ]
INFO: [ view_parse ] --END-- [ RunTime:0.006987s ]
INFO: [ view_filter ] --START--
INFO: Run Behavior\WriteHtmlCacheBehavior [ RunTime:0.000332s ]
INFO: [ view_filter ] --END-- [ RunTime:0.000373s ]
INFO: [ app_end ] --START--
INFO: Run Behavior\ShowPageTraceBehavior [ RunTime:0.000694s ]
INFO: [ app_end ] --END-- [ RunTime:0.000738s ]

[ 2014-07-09T19:46:52+08:00 ] 127.0.0.1 /app/index.php/Home/Image/readImage/id/7.html
INFO: [ app_init ] --START--
INFO: Run Behavior\BuildLiteBehavior [ RunTime:0.000015s ]
INFO: [ app_init ] --END-- [ RunTime:0.000499s ]
INFO: [ app_begin ] --START--
INFO: Run Behavior\ReadHtmlCacheBehavior [ RunTime:0.000681s ]
INFO: [ app_begin ] --END-- [ RunTime:0.000732s ]
SQL: SHOW COLUMNS FROM `image` [ RunTime:0.002472s ]
SQL: SELECT * FROM `image` WHERE ( `id` = 7 ) LIMIT 1   [ RunTime:0.000269s ]
SQL: SHOW COLUMNS FROM `image_detail` [ RunTime:0.001984s ]
SQL: SELECT * FROM `image_detail` WHERE ( `image_id` = 7 )  [ RunTime:0.000247s ]
INFO: [ view_parse ] --START--
INFO: [ template_filter ] --START--
INFO: Run Behavior\ContentReplaceBehavior [ RunTime:0.000064s ]
INFO: [ template_filter ] --END-- [ RunTime:0.000121s ]
NOTIC: [8] Undefined index: content2 C:\xampp\htdocs\app\Application\Runtime\Cache\Home\91af0b494442a729532da502a52c406c.php 第 54 行.
NOTIC: [8] Undefined index: content3 C:\xampp\htdocs\app\Application\Runtime\Cache\Home\91af0b494442a729532da502a52c406c.php 第 54 行.
INFO: Run Behavior\ParseTemplateBehavior [ RunTime:0.009821s ]
INFO: [ view_parse ] --END-- [ RunTime:0.009874s ]
INFO: [ view_filter ] --START--
INFO: Run Behavior\WriteHtmlCacheBehavior [ RunTime:0.000415s ]
INFO: [ view_filter ] --END-- [ RunTime:0.000458s ]
INFO: [ app_end ] --START--
INFO: Run Behavior\ShowPageTraceBehavior [ RunTime:0.000814s ]
INFO: [ app_end ] --END-- [ RunTime:0.000879s ]

[ 2014-07-09T19:49:28+08:00 ] 127.0.0.1 /app/index.php/Home/Public/login.html
INFO: [ app_init ] --START--
INFO: Run Behavior\BuildLiteBehavior [ RunTime:0.000014s ]
INFO: [ app_init ] --END-- [ RunTime:0.000525s ]
INFO: [ app_begin ] --START--
INFO: Run Behavior\ReadHtmlCacheBehavior [ RunTime:0.000796s ]
INFO: [ app_begin ] --END-- [ RunTime:0.000849s ]
INFO: [ view_parse ] --START--
INFO: [ template_filter ] --START--
INFO: Run Behavior\ContentReplaceBehavior [ RunTime:0.000034s ]
INFO: [ template_filter ] --END-- [ RunTime:0.000091s ]
INFO: Run Behavior\ParseTemplateBehavior [ RunTime:0.006780s ]
INFO: [ view_parse ] --END-- [ RunTime:0.006834s ]
INFO: [ view_filter ] --START--
INFO: Run Behavior\WriteHtmlCacheBehavior [ RunTime:0.000424s ]
INFO: [ view_filter ] --END-- [ RunTime:0.000468s ]
INFO: [ app_end ] --START--
INFO: Run Behavior\ShowPageTraceBehavior [ RunTime:0.000758s ]
INFO: [ app_end ] --END-- [ RunTime:0.000803s ]

[ 2014-07-09T19:49:32+08:00 ] 127.0.0.1 /app/index.php/Home/Public/login.html
INFO: [ app_init ] --START--
INFO: Run Behavior\BuildLiteBehavior [ RunTime:0.000015s ]
INFO: [ app_init ] --END-- [ RunTime:0.000482s ]
INFO: [ app_begin ] --START--
INFO: Run Behavior\ReadHtmlCacheBehavior [ RunTime:0.000690s ]
INFO: [ app_begin ] --END-- [ RunTime:0.000743s ]
SQL: SHOW COLUMNS FROM `user` [ RunTime:0.001946s ]
SQL: SELECT `uid`,`name`,`truename` FROM `user` WHERE ( `name` = 'aa' ) AND ( `pwd` = 'aa' ) LIMIT 1   [ RunTime:0.000234s ]

[ 2014-07-09T19:49:32+08:00 ] 127.0.0.1 /app/index.php/Home/Index/index.html
INFO: [ app_init ] --START--
INFO: Run Behavior\BuildLiteBehavior [ RunTime:0.000015s ]
INFO: [ app_init ] --END-- [ RunTime:0.000495s ]
INFO: [ app_begin ] --START--
INFO: Run Behavior\ReadHtmlCacheBehavior [ RunTime:0.000698s ]
INFO: [ app_begin ] --END-- [ RunTime:0.000753s ]
INFO: [ view_parse ] --START--
INFO: [ template_filter ] --START--
INFO: Run Behavior\ContentReplaceBehavior [ RunTime:0.000035s ]
INFO: [ template_filter ] --END-- [ RunTime:0.000100s ]
INFO: Run Behavior\ParseTemplateBehavior [ RunTime:0.007859s ]
INFO: [ view_parse ] --END-- [ RunTime:0.007913s ]
INFO: [ view_filter ] --START--
INFO: Run Behavior\WriteHtmlCacheBehavior [ RunTime:0.000332s ]
INFO: [ view_filter ] --END-- [ RunTime:0.000373s ]
INFO: [ app_end ] --START--
INFO: Run Behavior\ShowPageTraceBehavior [ RunTime:0.000689s ]
INFO: [ app_end ] --END-- [ RunTime:0.000734s ]

[ 2014-07-09T19:49:33+08:00 ] 127.0.0.1 /app/index.php/Home/Image/listImage.html
INFO: [ app_init ] --START--
INFO: Run Behavior\BuildLiteBehavior [ RunTime:0.000014s ]
INFO: [ app_init ] --END-- [ RunTime:0.000477s ]
INFO: [ app_begin ] --START--
INFO: Run Behavior\ReadHtmlCacheBehavior [ RunTime:0.000691s ]
INFO: [ app_begin ] --END-- [ RunTime:0.000743s ]
SQL: SHOW COLUMNS FROM `image` [ RunTime:0.002178s ]
SQL: SELECT * FROM `image`  [ RunTime:0.000296s ]
INFO: [ view_parse ] --START--
INFO: [ template_filter ] --START--
INFO: Run Behavior\ContentReplaceBehavior [ RunTime:0.000048s ]
INFO: [ template_filter ] --END-- [ RunTime:0.000113s ]
INFO: Run Behavior\ParseTemplateBehavior [ RunTime:0.009812s ]
INFO: [ view_parse ] --END-- [ RunTime:0.009886s ]
INFO: [ view_filter ] --START--
INFO: Run Behavior\WriteHtmlCacheBehavior [ RunTime:0.000385s ]
INFO: [ view_filter ] --END-- [ RunTime:0.000429s ]
INFO: [ app_end ] --START--
INFO: Run Behavior\ShowPageTraceBehavior [ RunTime:0.000695s ]
INFO: [ app_end ] --END-- [ RunTime:0.000742s ]

[ 2014-07-09T19:49:37+08:00 ] 127.0.0.1 /app/index.php/Home/Image/readImage/id/7.html
INFO: [ app_init ] --START--
INFO: Run Behavior\BuildLiteBehavior [ RunTime:0.000015s ]
INFO: [ app_init ] --END-- [ RunTime:0.000611s ]
INFO: [ app_begin ] --START--
INFO: Run Behavior\ReadHtmlCacheBehavior [ RunTime:0.000688s ]
INFO: [ app_begin ] --END-- [ RunTime:0.000740s ]
SQL: SHOW COLUMNS FROM `image` [ RunTime:0.002019s ]
SQL: SELECT * FROM `image` WHERE ( `id` = 7 ) LIMIT 1   [ RunTime:0.000254s ]
SQL: SHOW COLUMNS FROM `image_detail` [ RunTime:0.001821s ]
SQL: SELECT * FROM `image_detail` WHERE ( `image_id` = 7 )  [ RunTime:0.000238s ]
INFO: [ view_parse ] --START--
INFO: [ template_filter ] --START--
INFO: Run Behavior\ContentReplaceBehavior [ RunTime:0.000065s ]
INFO: [ template_filter ] --END-- [ RunTime:0.000121s ]
NOTIC: [8] Undefined index: content2 C:\xampp\htdocs\app\Application\Runtime\Cache\Home\91af0b494442a729532da502a52c406c.php 第 54 行.
NOTIC: [8] Undefined index: content3 C:\xampp\htdocs\app\Application\Runtime\Cache\Home\91af0b494442a729532da502a52c406c.php 第 54 行.
INFO: Run Behavior\ParseTemplateBehavior [ RunTime:0.009713s ]
INFO: [ view_parse ] --END-- [ RunTime:0.009768s ]
INFO: [ view_filter ] --START--
INFO: Run Behavior\WriteHtmlCacheBehavior [ RunTime:0.000370s ]
INFO: [ view_filter ] --END-- [ RunTime:0.000417s ]
INFO: [ app_end ] --START--
INFO: Run Behavior\ShowPageTraceBehavior [ RunTime:0.000825s ]
INFO: [ app_end ] --END-- [ RunTime:0.000954s ]

[ 2014-07-09T19:49:50+08:00 ] 127.0.0.1 /app/index.php/Home/Image/saveDetail.html
INFO: [ app_init ] --START--
INFO: Run Behavior\BuildLiteBehavior [ RunTime:0.000015s ]
INFO: [ app_init ] --END-- [ RunTime:0.000476s ]
INFO: [ app_begin ] --START--
INFO: Run Behavior\ReadHtmlCacheBehavior [ RunTime:0.000677s ]
INFO: [ app_begin ] --END-- [ RunTime:0.000729s ]
SQL: SHOW COLUMNS FROM `image_detail` [ RunTime:0.002538s ]
SQL: DELETE FROM `image_detail` WHERE ( image_id=7 ) [ RunTime:0.000403s ]
SQL: INSERT INTO `image_detail` (`image_id`,`content1`,`content2`,`content3`,`left`,`top`) VALUES (7,'','','','134px','347px') [ RunTime:0.000194s ]
INFO: [ view_parse ] --START--
INFO: [ template_filter ] --START--
INFO: Run Behavior\ContentReplaceBehavior [ RunTime:0.000041s ]
INFO: [ template_filter ] --END-- [ RunTime:0.000105s ]
INFO: Run Behavior\ParseTemplateBehavior [ RunTime:0.007225s ]
INFO: [ view_parse ] --END-- [ RunTime:0.007279s ]
INFO: [ view_filter ] --START--
INFO: Run Behavior\WriteHtmlCacheBehavior [ RunTime:0.000337s ]
INFO: [ view_filter ] --END-- [ RunTime:0.000379s ]
INFO: [ app_end ] --START--
INFO: Run Behavior\ShowPageTraceBehavior [ RunTime:0.000692s ]
INFO: [ app_end ] --END-- [ RunTime:0.000737s ]

[ 2014-07-09T19:49:51+08:00 ] 127.0.0.1 /app/index.php/Home/Image/readImage/id/7.html
INFO: [ app_init ] --START--
INFO: Run Behavior\BuildLiteBehavior [ RunTime:0.000014s ]
INFO: [ app_init ] --END-- [ RunTime:0.000477s ]
INFO: [ app_begin ] --START--
INFO: Run Behavior\ReadHtmlCacheBehavior [ RunTime:0.000685s ]
INFO: [ app_begin ] --END-- [ RunTime:0.000738s ]
SQL: SHOW COLUMNS FROM `image` [ RunTime:0.002583s ]
SQL: SELECT * FROM `image` WHERE ( `id` = 7 ) LIMIT 1   [ RunTime:0.000299s ]
SQL: SHOW COLUMNS FROM `image_detail` [ RunTime:0.002486s ]
SQL: SELECT * FROM `image_detail` WHERE ( `image_id` = 7 )  [ RunTime:0.000482s ]
INFO: [ view_parse ] --START--
INFO: [ template_filter ] --START--
INFO: Run Behavior\ContentReplaceBehavior [ RunTime:0.000072s ]
INFO: [ template_filter ] --END-- [ RunTime:0.000210s ]
NOTIC: [8] Undefined index: content2 C:\xampp\htdocs\app\Application\Runtime\Cache\Home\91af0b494442a729532da502a52c406c.php 第 54 行.
NOTIC: [8] Undefined index: content3 C:\xampp\htdocs\app\Application\Runtime\Cache\Home\91af0b494442a729532da502a52c406c.php 第 54 行.
INFO: Run Behavior\ParseTemplateBehavior [ RunTime:0.010403s ]
INFO: [ view_parse ] --END-- [ RunTime:0.010461s ]
INFO: [ view_filter ] --START--
INFO: Run Behavior\WriteHtmlCacheBehavior [ RunTime:0.000357s ]
INFO: [ view_filter ] --END-- [ RunTime:0.000399s ]
INFO: [ app_end ] --START--
INFO: Run Behavior\ShowPageTraceBehavior [ RunTime:0.000687s ]
INFO: [ app_end ] --END-- [ RunTime:0.000732s ]

[ 2014-07-09T19:49:57+08:00 ] 127.0.0.1 /app/index.php/Home/Image/saveDetail.html
INFO: [ app_init ] --START--
INFO: Run Behavior\BuildLiteBehavior [ RunTime:0.000015s ]
INFO: [ app_init ] --END-- [ RunTime:0.000493s ]
INFO: [ app_begin ] --START--
INFO: Run Behavior\ReadHtmlCacheBehavior [ RunTime:0.000680s ]
INFO: [ app_begin ] --END-- [ RunTime:0.000733s ]
SQL: SHOW COLUMNS FROM `image_detail` [ RunTime:0.001908s ]
SQL: DELETE FROM `image_detail` WHERE ( image_id=7 ) [ RunTime:0.000280s ]
SQL: INSERT INTO `image_detail` (`image_id`,`content1`,`content2`,`content3`,`left`,`top`) VALUES (7,'','','','134px','347px') [ RunTime:0.000235s ]
SQL: INSERT INTO `image_detail` (`image_id`,`content1`,`content2`,`content3`,`left`,`top`) VALUES (7,'','','','100px','317px') [ RunTime:0.000208s ]
INFO: [ view_parse ] --START--
INFO: [ template_filter ] --START--
INFO: Run Behavior\ContentReplaceBehavior [ RunTime:0.000044s ]
INFO: [ template_filter ] --END-- [ RunTime:0.000111s ]
INFO: Run Behavior\ParseTemplateBehavior [ RunTime:0.008160s ]
INFO: [ view_parse ] --END-- [ RunTime:0.008218s ]
INFO: [ view_filter ] --START--
INFO: Run Behavior\WriteHtmlCacheBehavior [ RunTime:0.000349s ]
INFO: [ view_filter ] --END-- [ RunTime:0.000393s ]
INFO: [ app_end ] --START--
INFO: Run Behavior\ShowPageTraceBehavior [ RunTime:0.000699s ]
INFO: [ app_end ] --END-- [ RunTime:0.000745s ]

[ 2014-07-09T19:49:59+08:00 ] 127.0.0.1 /app/index.php/Home/Image/readImage/id/7.html
INFO: [ app_init ] --START--
INFO: Run Behavior\BuildLiteBehavior [ RunTime:0.000015s ]
INFO: [ app_init ] --END-- [ RunTime:0.000481s ]
INFO: [ app_begin ] --START--
INFO: Run Behavior\ReadHtmlCacheBehavior [ RunTime:0.000691s ]
INFO: [ app_begin ] --END-- [ RunTime:0.000742s ]
SQL: SHOW COLUMNS FROM `image` [ RunTime:0.001818s ]
SQL: SELECT * FROM `image` WHERE ( `id` = 7 ) LIMIT 1   [ RunTime:0.000235s ]
SQL: SHOW COLUMNS FROM `image_detail` [ RunTime:0.002358s ]
SQL: SELECT * FROM `image_detail` WHERE ( `image_id` = 7 )  [ RunTime:0.000344s ]
INFO: [ view_parse ] --START--
INFO: [ template_filter ] --START--
INFO: Run Behavior\ContentReplaceBehavior [ RunTime:0.000067s ]
INFO: [ template_filter ] --END-- [ RunTime:0.000130s ]
NOTIC: [8] Undefined index: content2 C:\xampp\htdocs\app\Application\Runtime\Cache\Home\91af0b494442a729532da502a52c406c.php 第 54 行.
NOTIC: [8] Undefined index: content3 C:\xampp\htdocs\app\Application\Runtime\Cache\Home\91af0b494442a729532da502a52c406c.php 第 54 行.
INFO: Run Behavior\ParseTemplateBehavior [ RunTime:0.010762s ]
INFO: [ view_parse ] --END-- [ RunTime:0.010821s ]
INFO: [ view_filter ] --START--
INFO: Run Behavior\WriteHtmlCacheBehavior [ RunTime:0.000383s ]
INFO: [ view_filter ] --END-- [ RunTime:0.000426s ]
INFO: [ app_end ] --START--
INFO: Run Behavior\ShowPageTraceBehavior [ RunTime:0.000712s ]
INFO: [ app_end ] --END-- [ RunTime:0.000761s ]

[ 2014-07-09T19:51:31+08:00 ] 127.0.0.1 /app/index.php/Home/Image/readImage/id/7.html
INFO: [ app_init ] --START--
INFO: Run Behavior\BuildLiteBehavior [ RunTime:0.000024s ]
INFO: [ app_init ] --END-- [ RunTime:0.000738s ]
INFO: [ app_begin ] --START--
INFO: Run Behavior\ReadHtmlCacheBehavior [ RunTime:0.000826s ]
INFO: [ app_begin ] --END-- [ RunTime:0.000882s ]
SQL: SHOW COLUMNS FROM `image` [ RunTime:0.001866s ]
SQL: SELECT * FROM `image` WHERE ( `id` = 7 ) LIMIT 1   [ RunTime:0.000271s ]
SQL: SHOW COLUMNS FROM `image_detail` [ RunTime:0.001816s ]
SQL: SELECT * FROM `image_detail` WHERE ( `image_id` = 7 )  [ RunTime:0.000219s ]
INFO: [ view_parse ] --START--
INFO: [ template_filter ] --START--
INFO: Run Behavior\ContentReplaceBehavior [ RunTime:0.000065s ]
INFO: [ template_filter ] --END-- [ RunTime:0.000117s ]
NOTIC: [8] Undefined index: content2 C:\xampp\htdocs\app\Application\Runtime\Cache\Home\91af0b494442a729532da502a52c406c.php 第 54 行.
NOTIC: [8] Undefined index: content3 C:\xampp\htdocs\app\Application\Runtime\Cache\Home\91af0b494442a729532da502a52c406c.php 第 54 行.
INFO: Run Behavior\ParseTemplateBehavior [ RunTime:0.010573s ]
INFO: [ view_parse ] --END-- [ RunTime:0.010646s ]
INFO: [ view_filter ] --START--
INFO: Run Behavior\WriteHtmlCacheBehavior [ RunTime:0.000835s ]
INFO: [ view_filter ] --END-- [ RunTime:0.000895s ]
INFO: [ app_end ] --START--
INFO: Run Behavior\ShowPageTraceBehavior [ RunTime:0.001873s ]
INFO: [ app_end ] --END-- [ RunTime:0.001954s ]

[ 2014-07-09T19:55:31+08:00 ] 127.0.0.1 /app/index.php/Home/Image/readImage/id/7.html
INFO: [ app_init ] --START--
INFO: Run Behavior\BuildLiteBehavior [ RunTime:0.000016s ]
INFO: [ app_init ] --END-- [ RunTime:0.000519s ]
INFO: [ app_begin ] --START--
INFO: Run Behavior\ReadHtmlCacheBehavior [ RunTime:0.000784s ]
INFO: [ app_begin ] --END-- [ RunTime:0.000838s ]
SQL: SHOW COLUMNS FROM `image` [ RunTime:0.001976s ]
SQL: SELECT * FROM `image` WHERE ( `id` = 7 ) LIMIT 1   [ RunTime:0.000310s ]
SQL: SHOW COLUMNS FROM `image_detail` [ RunTime:0.001782s ]
SQL: SELECT * FROM `image_detail` WHERE ( `image_id` = 7 )  [ RunTime:0.000224s ]
INFO: [ view_parse ] --START--
INFO: [ template_filter ] --START--
INFO: Run Behavior\ContentReplaceBehavior [ RunTime:0.000064s ]
INFO: [ template_filter ] --END-- [ RunTime:0.000118s ]
NOTIC: [8] Undefined index: content2 C:\xampp\htdocs\app\Application\Runtime\Cache\Home\91af0b494442a729532da502a52c406c.php 第 54 行.
NOTIC: [8] Undefined index: content3 C:\xampp\htdocs\app\Application\Runtime\Cache\Home\91af0b494442a729532da502a52c406c.php 第 54 行.
INFO: Run Behavior\ParseTemplateBehavior [ RunTime:0.010032s ]
INFO: [ view_parse ] --END-- [ RunTime:0.010087s ]
INFO: [ view_filter ] --START--
INFO: Run Behavior\WriteHtmlCacheBehavior [ RunTime:0.000425s ]
INFO: [ view_filter ] --END-- [ RunTime:0.000468s ]
INFO: [ app_end ] --START--
INFO: Run Behavior\ShowPageTraceBehavior [ RunTime:0.000775s ]
INFO: [ app_end ] --END-- [ RunTime:0.000823s ]

[ 2014-07-09T19:55:37+08:00 ] 127.0.0.1 /app/index.php/Home/Image/saveDetail.html
INFO: [ app_init ] --START--
INFO: Run Behavior\BuildLiteBehavior [ RunTime:0.000014s ]
INFO: [ app_init ] --END-- [ RunTime:0.000477s ]
INFO: [ app_begin ] --START--
INFO: Run Behavior\ReadHtmlCacheBehavior [ RunTime:0.000675s ]
INFO: [ app_begin ] --END-- [ RunTime:0.000727s ]
SQL: SHOW COLUMNS FROM `image_detail` [ RunTime:0.002868s ]
SQL: DELETE FROM `image_detail` WHERE ( image_id=7 ) [ RunTime:0.000384s ]
SQL: INSERT INTO `image_detail` (`image_id`,`content1`,`content2`,`content3`,`left`,`top`) VALUES (7,'','','','100px','317px') [ RunTime:0.000288s ]
SQL: INSERT INTO `image_detail` (`image_id`,`content1`,`content2`,`content3`,`left`,`top`) VALUES (7,'','','','134px','347px') [ RunTime:0.000299s ]
SQL: INSERT INTO `image_detail` (`image_id`,`content1`,`content2`,`content3`,`left`,`top`) VALUES (7,'','','','431px','320px') [ RunTime:0.000264s ]
INFO: [ view_parse ] --START--
INFO: [ template_filter ] --START--
INFO: Run Behavior\ContentReplaceBehavior [ RunTime:0.000041s ]
INFO: [ template_filter ] --END-- [ RunTime:0.000103s ]
INFO: Run Behavior\ParseTemplateBehavior [ RunTime:0.007322s ]
INFO: [ view_parse ] --END-- [ RunTime:0.007384s ]
INFO: [ view_filter ] --START--
INFO: Run Behavior\WriteHtmlCacheBehavior [ RunTime:0.000371s ]
INFO: [ view_filter ] --END-- [ RunTime:0.000417s ]
INFO: [ app_end ] --START--
INFO: Run Behavior\ShowPageTraceBehavior [ RunTime:0.000878s ]
INFO: [ app_end ] --END-- [ RunTime:0.000928s ]

[ 2014-07-09T19:55:38+08:00 ] 127.0.0.1 /app/index.php/Home/Image/readImage/id/7.html
INFO: [ app_init ] --START--
INFO: Run Behavior\BuildLiteBehavior [ RunTime:0.000015s ]
INFO: [ app_init ] --END-- [ RunTime:0.000477s ]
INFO: [ app_begin ] --START--
INFO: Run Behavior\ReadHtmlCacheBehavior [ RunTime:0.000676s ]
INFO: [ app_begin ] --END-- [ RunTime:0.000728s ]
SQL: SHOW COLUMNS FROM `image` [ RunTime:0.002418s ]
SQL: SELECT * FROM `image` WHERE ( `id` = 7 ) LIMIT 1   [ RunTime:0.000309s ]
SQL: SHOW COLUMNS FROM `image_detail` [ RunTime:0.002313s ]
SQL: SELECT * FROM `image_detail` WHERE ( `image_id` = 7 )  [ RunTime:0.000486s ]
INFO: [ view_parse ] --START--
INFO: [ template_filter ] --START--
INFO: Run Behavior\ContentReplaceBehavior [ RunTime:0.000078s ]
INFO: [ template_filter ] --END-- [ RunTime:0.000500s ]
NOTIC: [8] Undefined index: content2 C:\xampp\htdocs\app\Application\Runtime\Cache\Home\91af0b494442a729532da502a52c406c.php 第 54 行.
NOTIC: [8] Undefined index: content3 C:\xampp\htdocs\app\Application\Runtime\Cache\Home\91af0b494442a729532da502a52c406c.php 第 54 行.
INFO: Run Behavior\ParseTemplateBehavior [ RunTime:0.010477s ]
INFO: [ view_parse ] --END-- [ RunTime:0.010537s ]
INFO: [ view_filter ] --START--
INFO: Run Behavior\WriteHtmlCacheBehavior [ RunTime:0.000354s ]
INFO: [ view_filter ] --END-- [ RunTime:0.000396s ]
INFO: [ app_end ] --START--
INFO: Run Behavior\ShowPageTraceBehavior [ RunTime:0.000680s ]
INFO: [ app_end ] --END-- [ RunTime:0.000726s ]

