[ 2014-08-26T19:38:19+08:00 ] 127.0.0.1 /app/index.php/Home/Public/login.html
INFO: [ app_init ] --START--
INFO: Run Behavior\BuildLiteBehavior [ RunTime:0.000019s ]
INFO: [ app_init ] --END-- [ RunTime:0.012938s ]
INFO: [ app_begin ] --START--
INFO: Run Behavior\ReadHtmlCacheBehavior [ RunTime:0.001233s ]
INFO: [ app_begin ] --END-- [ RunTime:0.001309s ]
INFO: [ view_parse ] --START--
INFO: [ template_filter ] --START--
INFO: Run Behavior\ContentReplaceBehavior [ RunTime:0.000037s ]
INFO: [ template_filter ] --END-- [ RunTime:0.000106s ]
INFO: Run Behavior\ParseTemplateBehavior [ RunTime:0.027944s ]
INFO: [ view_parse ] --END-- [ RunTime:0.028011s ]
INFO: [ view_filter ] --START--
INFO: Run Behavior\WriteHtmlCacheBehavior [ RunTime:0.009635s ]
INFO: [ view_filter ] --END-- [ RunTime:0.009700s ]
INFO: [ app_end ] --START--
INFO: Run Behavior\ShowPageTraceBehavior [ RunTime:0.005175s ]
INFO: [ app_end ] --END-- [ RunTime:0.005237s ]

[ 2014-08-26T19:38:25+08:00 ] 127.0.0.1 /app/index.php/Home/Public/login.html
INFO: [ app_init ] --START--
INFO: Run Behavior\BuildLiteBehavior [ RunTime:0.000015s ]
INFO: [ app_init ] --END-- [ RunTime:0.000480s ]
INFO: [ app_begin ] --START--
INFO: Run Behavior\ReadHtmlCacheBehavior [ RunTime:0.000683s ]
INFO: [ app_begin ] --END-- [ RunTime:0.000735s ]
SQL: SHOW COLUMNS FROM `user` [ RunTime:0.026742s ]
SQL: SELECT `uid`,`name`,`truename` FROM `user` WHERE ( `name` = 'aa' ) AND ( `pwd` = 'aa' ) LIMIT 1   [ RunTime:0.021731s ]

[ 2014-08-26T19:38:25+08:00 ] 127.0.0.1 /app/index.php/Home/Index/index.html
INFO: [ app_init ] --START--
INFO: Run Behavior\BuildLiteBehavior [ RunTime:0.000014s ]
INFO: [ app_init ] --END-- [ RunTime:0.000487s ]
INFO: [ app_begin ] --START--
INFO: Run Behavior\ReadHtmlCacheBehavior [ RunTime:0.000689s ]
INFO: [ app_begin ] --END-- [ RunTime:0.000740s ]
INFO: [ view_parse ] --START--
INFO: [ template_filter ] --START--
INFO: Run Behavior\ContentReplaceBehavior [ RunTime:0.000036s ]
INFO: [ template_filter ] --END-- [ RunTime:0.000099s ]
INFO: Run Behavior\ParseTemplateBehavior [ RunTime:0.029894s ]
INFO: [ view_parse ] --END-- [ RunTime:0.029952s ]
INFO: [ view_filter ] --START--
INFO: Run Behavior\WriteHtmlCacheBehavior [ RunTime:0.000336s ]
INFO: [ view_filter ] --END-- [ RunTime:0.000378s ]
INFO: [ app_end ] --START--
INFO: Run Behavior\ShowPageTraceBehavior [ RunTime:0.000689s ]
INFO: [ app_end ] --END-- [ RunTime:0.000734s ]

[ 2014-08-26T19:38:28+08:00 ] 127.0.0.1 /app/index.php/Home/Image/listImage.html
INFO: [ app_init ] --START--
INFO: Run Behavior\BuildLiteBehavior [ RunTime:0.000015s ]
INFO: [ app_init ] --END-- [ RunTime:0.000480s ]
INFO: [ app_begin ] --START--
INFO: Run Behavior\ReadHtmlCacheBehavior [ RunTime:0.000693s ]
INFO: [ app_begin ] --END-- [ RunTime:0.000747s ]
SQL: SHOW COLUMNS FROM `image` [ RunTime:0.014044s ]
SQL: SELECT * FROM `image`  [ RunTime:0.003674s ]
INFO: [ view_parse ] --START--
INFO: [ template_filter ] --START--
INFO: Run Behavior\ContentReplaceBehavior [ RunTime:0.000045s ]
INFO: [ template_filter ] --END-- [ RunTime:0.000106s ]
INFO: Run Behavior\ParseTemplateBehavior [ RunTime:0.020485s ]
INFO: [ view_parse ] --END-- [ RunTime:0.020545s ]
INFO: [ view_filter ] --START--
INFO: Run Behavior\WriteHtmlCacheBehavior [ RunTime:0.000344s ]
INFO: [ view_filter ] --END-- [ RunTime:0.000387s ]
INFO: [ app_end ] --START--
INFO: Run Behavior\ShowPageTraceBehavior [ RunTime:0.000690s ]
INFO: [ app_end ] --END-- [ RunTime:0.000737s ]

[ 2014-08-26T19:38:32+08:00 ] 127.0.0.1 /app/index.php/Home/Image/readImage/id/7.html
INFO: [ app_init ] --START--
INFO: Run Behavior\BuildLiteBehavior [ RunTime:0.000015s ]
INFO: [ app_init ] --END-- [ RunTime:0.000500s ]
INFO: [ app_begin ] --START--
INFO: Run Behavior\ReadHtmlCacheBehavior [ RunTime:0.000689s ]
INFO: [ app_begin ] --END-- [ RunTime:0.000741s ]
SQL: SHOW COLUMNS FROM `image` [ RunTime:0.002590s ]
SQL: SELECT * FROM `image` WHERE ( `id` = 7 ) LIMIT 1   [ RunTime:0.000269s ]
SQL: SHOW COLUMNS FROM `image_detail` [ RunTime:0.044900s ]
SQL: SELECT * FROM `image_detail` WHERE ( `image_id` = 7 )  [ RunTime:0.000551s ]
INFO: [ view_parse ] --START--
INFO: [ template_filter ] --START--
INFO: Run Behavior\ContentReplaceBehavior [ RunTime:0.000064s ]
INFO: [ template_filter ] --END-- [ RunTime:0.000123s ]
NOTIC: [8] Undefined index: content2 C:\xampp\htdocs\app\Application\Runtime\Cache\Home\91af0b494442a729532da502a52c406c.php 第 54 行.
NOTIC: [8] Undefined index: content3 C:\xampp\htdocs\app\Application\Runtime\Cache\Home\91af0b494442a729532da502a52c406c.php 第 54 行.
INFO: Run Behavior\ParseTemplateBehavior [ RunTime:0.022210s ]
INFO: [ view_parse ] --END-- [ RunTime:0.022262s ]
INFO: [ view_filter ] --START--
INFO: Run Behavior\WriteHtmlCacheBehavior [ RunTime:0.000349s ]
INFO: [ view_filter ] --END-- [ RunTime:0.000392s ]
INFO: [ app_end ] --START--
INFO: Run Behavior\ShowPageTraceBehavior [ RunTime:0.000680s ]
INFO: [ app_end ] --END-- [ RunTime:0.000724s ]

[ 2014-08-26T19:42:30+08:00 ] 127.0.0.1 /app/index.php/Home/Image/readImage/id/7.html
INFO: [ app_init ] --START--
INFO: Run Behavior\BuildLiteBehavior [ RunTime:0.000015s ]
INFO: [ app_init ] --END-- [ RunTime:0.000540s ]
INFO: [ app_begin ] --START--
INFO: Run Behavior\ReadHtmlCacheBehavior [ RunTime:0.000834s ]
INFO: [ app_begin ] --END-- [ RunTime:0.000893s ]
SQL: SHOW COLUMNS FROM `image` [ RunTime:0.004325s ]
SQL: SELECT * FROM `image` WHERE ( `id` = 7 ) LIMIT 1   [ RunTime:0.000577s ]
SQL: SHOW COLUMNS FROM `image_detail` [ RunTime:0.002821s ]
SQL: SELECT * FROM `image_detail` WHERE ( `image_id` = 7 )  [ RunTime:0.000255s ]
INFO: [ view_parse ] --START--
INFO: [ template_filter ] --START--
INFO: Run Behavior\ContentReplaceBehavior [ RunTime:0.000066s ]
INFO: [ template_filter ] --END-- [ RunTime:0.000128s ]
NOTIC: [8] Undefined index: content2 C:\xampp\htdocs\app\Application\Runtime\Cache\Home\91af0b494442a729532da502a52c406c.php 第 54 行.
NOTIC: [8] Undefined index: content3 C:\xampp\htdocs\app\Application\Runtime\Cache\Home\91af0b494442a729532da502a52c406c.php 第 54 行.
INFO: Run Behavior\ParseTemplateBehavior [ RunTime:0.011034s ]
INFO: [ view_parse ] --END-- [ RunTime:0.011098s ]
INFO: [ view_filter ] --START--
INFO: Run Behavior\WriteHtmlCacheBehavior [ RunTime:0.000468s ]
INFO: [ view_filter ] --END-- [ RunTime:0.000513s ]
INFO: [ app_end ] --START--
INFO: Run Behavior\ShowPageTraceBehavior [ RunTime:0.000775s ]
INFO: [ app_end ] --END-- [ RunTime:0.000821s ]

[ 2014-08-26T19:43:26+08:00 ] 127.0.0.1 /app/index.php/Home/Image/readImage/id/7.html
INFO: [ app_init ] --START--
INFO: Run Behavior\BuildLiteBehavior [ RunTime:0.000014s ]
INFO: [ app_init ] --END-- [ RunTime:0.000481s ]
INFO: [ app_begin ] --START--
INFO: Run Behavior\ReadHtmlCacheBehavior [ RunTime:0.000686s ]
INFO: [ app_begin ] --END-- [ RunTime:0.000738s ]
SQL: SHOW COLUMNS FROM `image` [ RunTime:0.002654s ]
SQL: SELECT * FROM `image` WHERE ( `id` = 7 ) LIMIT 1   [ RunTime:0.000259s ]
SQL: SHOW COLUMNS FROM `image_detail` [ RunTime:0.003184s ]
SQL: SELECT * FROM `image_detail` WHERE ( `image_id` = 7 )  [ RunTime:0.000364s ]
INFO: [ view_parse ] --START--
INFO: [ template_filter ] --START--
INFO: Run Behavior\ContentReplaceBehavior [ RunTime:0.000065s ]
INFO: [ template_filter ] --END-- [ RunTime:0.000126s ]
NOTIC: [8] Undefined index: content2 C:\xampp\htdocs\app\Application\Runtime\Cache\Home\91af0b494442a729532da502a52c406c.php 第 54 行.
NOTIC: [8] Undefined index: content3 C:\xampp\htdocs\app\Application\Runtime\Cache\Home\91af0b494442a729532da502a52c406c.php 第 54 行.
INFO: Run Behavior\ParseTemplateBehavior [ RunTime:0.011519s ]
INFO: [ view_parse ] --END-- [ RunTime:0.011579s ]
INFO: [ view_filter ] --START--
INFO: Run Behavior\WriteHtmlCacheBehavior [ RunTime:0.000386s ]
INFO: [ view_filter ] --END-- [ RunTime:0.000428s ]
INFO: [ app_end ] --START--
INFO: Run Behavior\ShowPageTraceBehavior [ RunTime:0.000697s ]
INFO: [ app_end ] --END-- [ RunTime:0.000743s ]

[ 2014-08-26T19:46:36+08:00 ] 127.0.0.1 /app/index.php/Home/Image/readImage/id/7.html
INFO: [ app_init ] --START--
INFO: Run Behavior\BuildLiteBehavior [ RunTime:0.000022s ]
INFO: [ app_init ] --END-- [ RunTime:0.003104s ]
INFO: [ app_begin ] --START--
INFO: Run Behavior\ReadHtmlCacheBehavior [ RunTime:0.000808s ]
INFO: [ app_begin ] --END-- [ RunTime:0.000862s ]
SQL: SHOW COLUMNS FROM `image` [ RunTime:0.002905s ]
SQL: SELECT * FROM `image` WHERE ( `id` = 7 ) LIMIT 1   [ RunTime:0.000428s ]
SQL: SHOW COLUMNS FROM `image_detail` [ RunTime:0.002564s ]
SQL: SELECT * FROM `image_detail` WHERE ( `image_id` = 7 )  [ RunTime:0.000239s ]
INFO: [ view_parse ] --START--
INFO: [ template_filter ] --START--
INFO: Run Behavior\ContentReplaceBehavior [ RunTime:0.000066s ]
INFO: [ template_filter ] --END-- [ RunTime:0.000125s ]
NOTIC: [8] Undefined index: content2 C:\xampp\htdocs\app\Application\Runtime\Cache\Home\91af0b494442a729532da502a52c406c.php 第 54 行.
NOTIC: [8] Undefined index: content3 C:\xampp\htdocs\app\Application\Runtime\Cache\Home\91af0b494442a729532da502a52c406c.php 第 54 行.
INFO: Run Behavior\ParseTemplateBehavior [ RunTime:0.010997s ]
INFO: [ view_parse ] --END-- [ RunTime:0.011051s ]
INFO: [ view_filter ] --START--
INFO: Run Behavior\WriteHtmlCacheBehavior [ RunTime:0.000429s ]
INFO: [ view_filter ] --END-- [ RunTime:0.000472s ]
INFO: [ app_end ] --START--
INFO: Run Behavior\ShowPageTraceBehavior [ RunTime:0.000757s ]
INFO: [ app_end ] --END-- [ RunTime:0.000802s ]

[ 2014-08-26T19:47:08+08:00 ] 127.0.0.1 /app/index.php/Home/Image/readImage/id/7.html
INFO: [ app_init ] --START--
INFO: Run Behavior\BuildLiteBehavior [ RunTime:0.000015s ]
INFO: [ app_init ] --END-- [ RunTime:0.000488s ]
INFO: [ app_begin ] --START--
INFO: Run Behavior\ReadHtmlCacheBehavior [ RunTime:0.000947s ]
INFO: [ app_begin ] --END-- [ RunTime:0.001007s ]
SQL: SHOW COLUMNS FROM `image` [ RunTime:0.003360s ]
SQL: SELECT * FROM `image` WHERE ( `id` = 7 ) LIMIT 1   [ RunTime:0.000286s ]
SQL: SHOW COLUMNS FROM `image_detail` [ RunTime:0.002646s ]
SQL: SELECT * FROM `image_detail` WHERE ( `image_id` = 7 )  [ RunTime:0.000270s ]
INFO: [ view_parse ] --START--
INFO: [ template_filter ] --START--
INFO: Run Behavior\ContentReplaceBehavior [ RunTime:0.000173s ]
INFO: [ template_filter ] --END-- [ RunTime:0.000250s ]
NOTIC: [8] Undefined index: content2 C:\xampp\htdocs\app\Application\Runtime\Cache\Home\91af0b494442a729532da502a52c406c.php 第 54 行.
NOTIC: [8] Undefined index: content3 C:\xampp\htdocs\app\Application\Runtime\Cache\Home\91af0b494442a729532da502a52c406c.php 第 54 行.
INFO: Run Behavior\ParseTemplateBehavior [ RunTime:0.012193s ]
INFO: [ view_parse ] --END-- [ RunTime:0.012248s ]
INFO: [ view_filter ] --START--
INFO: Run Behavior\WriteHtmlCacheBehavior [ RunTime:0.000353s ]
INFO: [ view_filter ] --END-- [ RunTime:0.000396s ]
INFO: [ app_end ] --START--
INFO: Run Behavior\ShowPageTraceBehavior [ RunTime:0.000714s ]
INFO: [ app_end ] --END-- [ RunTime:0.000760s ]

[ 2014-08-26T21:11:12+08:00 ] 127.0.0.1 /app/index.php/Home/Public/login.html
INFO: [ app_init ] --START--
INFO: Run Behavior\BuildLiteBehavior [ RunTime:0.000014s ]
INFO: [ app_init ] --END-- [ RunTime:0.000520s ]
INFO: [ app_begin ] --START--
INFO: Run Behavior\ReadHtmlCacheBehavior [ RunTime:0.000819s ]
INFO: [ app_begin ] --END-- [ RunTime:0.000873s ]
INFO: [ view_parse ] --START--
INFO: [ template_filter ] --START--
INFO: Run Behavior\ContentReplaceBehavior [ RunTime:0.000035s ]
INFO: [ template_filter ] --END-- [ RunTime:0.000094s ]
INFO: Run Behavior\ParseTemplateBehavior [ RunTime:0.007534s ]
INFO: [ view_parse ] --END-- [ RunTime:0.007590s ]
INFO: [ view_filter ] --START--
INFO: Run Behavior\WriteHtmlCacheBehavior [ RunTime:0.000425s ]
INFO: [ view_filter ] --END-- [ RunTime:0.000470s ]
INFO: [ app_end ] --START--
INFO: Run Behavior\ShowPageTraceBehavior [ RunTime:0.000764s ]
INFO: [ app_end ] --END-- [ RunTime:0.000809s ]

[ 2014-08-26T21:11:15+08:00 ] 127.0.0.1 /app/index.php/Home/Public/login.html
INFO: [ app_init ] --START--
INFO: Run Behavior\BuildLiteBehavior [ RunTime:0.000014s ]
INFO: [ app_init ] --END-- [ RunTime:0.000477s ]
INFO: [ app_begin ] --START--
INFO: Run Behavior\ReadHtmlCacheBehavior [ RunTime:0.000678s ]
INFO: [ app_begin ] --END-- [ RunTime:0.000730s ]
SQL: SHOW COLUMNS FROM `user` [ RunTime:0.003454s ]
SQL: SELECT `uid`,`name`,`truename` FROM `user` WHERE ( `name` = 'aa' ) AND ( `pwd` = 'aa' ) LIMIT 1   [ RunTime:0.000416s ]

[ 2014-08-26T21:11:16+08:00 ] 127.0.0.1 /app/index.php/Home/Index/index.html
INFO: [ app_init ] --START--
INFO: Run Behavior\BuildLiteBehavior [ RunTime:0.000014s ]
INFO: [ app_init ] --END-- [ RunTime:0.000476s ]
INFO: [ app_begin ] --START--
INFO: Run Behavior\ReadHtmlCacheBehavior [ RunTime:0.000683s ]
INFO: [ app_begin ] --END-- [ RunTime:0.000733s ]
INFO: [ view_parse ] --START--
INFO: [ template_filter ] --START--
INFO: Run Behavior\ContentReplaceBehavior [ RunTime:0.000035s ]
INFO: [ template_filter ] --END-- [ RunTime:0.000094s ]
INFO: Run Behavior\ParseTemplateBehavior [ RunTime:0.007532s ]
INFO: [ view_parse ] --END-- [ RunTime:0.007585s ]
INFO: [ view_filter ] --START--
INFO: Run Behavior\WriteHtmlCacheBehavior [ RunTime:0.000339s ]
INFO: [ view_filter ] --END-- [ RunTime:0.000381s ]
INFO: [ app_end ] --START--
INFO: Run Behavior\ShowPageTraceBehavior [ RunTime:0.000691s ]
INFO: [ app_end ] --END-- [ RunTime:0.000734s ]

[ 2014-08-26T21:11:17+08:00 ] 127.0.0.1 /app/index.php/Home/Image/listImage.html
INFO: [ app_init ] --START--
INFO: Run Behavior\BuildLiteBehavior [ RunTime:0.000014s ]
INFO: [ app_init ] --END-- [ RunTime:0.000476s ]
INFO: [ app_begin ] --START--
INFO: Run Behavior\ReadHtmlCacheBehavior [ RunTime:0.000683s ]
INFO: [ app_begin ] --END-- [ RunTime:0.000737s ]
SQL: SHOW COLUMNS FROM `image` [ RunTime:0.003525s ]
SQL: SELECT * FROM `image`  [ RunTime:0.000336s ]
INFO: [ view_parse ] --START--
INFO: [ template_filter ] --START--
INFO: Run Behavior\ContentReplaceBehavior [ RunTime:0.000049s ]
INFO: [ template_filter ] --END-- [ RunTime:0.000118s ]
INFO: Run Behavior\ParseTemplateBehavior [ RunTime:0.011808s ]
INFO: [ view_parse ] --END-- [ RunTime:0.011881s ]
INFO: [ view_filter ] --START--
INFO: Run Behavior\WriteHtmlCacheBehavior [ RunTime:0.001096s ]
INFO: [ view_filter ] --END-- [ RunTime:0.001159s ]
INFO: [ app_end ] --START--
INFO: Run Behavior\ShowPageTraceBehavior [ RunTime:0.001474s ]
INFO: [ app_end ] --END-- [ RunTime:0.001544s ]

[ 2014-08-26T21:11:20+08:00 ] 127.0.0.1 /app/index.php/Home/Image/readImage/id/7.html
INFO: [ app_init ] --START--
INFO: Run Behavior\BuildLiteBehavior [ RunTime:0.000015s ]
INFO: [ app_init ] --END-- [ RunTime:0.000497s ]
INFO: [ app_begin ] --START--
INFO: Run Behavior\ReadHtmlCacheBehavior [ RunTime:0.000819s ]
INFO: [ app_begin ] --END-- [ RunTime:0.000888s ]
SQL: SHOW COLUMNS FROM `image` [ RunTime:0.002524s ]
SQL: SELECT * FROM `image` WHERE ( `id` = 7 ) LIMIT 1   [ RunTime:0.000242s ]
SQL: SHOW COLUMNS FROM `image_detail` [ RunTime:0.003955s ]
SQL: SELECT * FROM `image_detail` WHERE ( `image_id` = 7 )  [ RunTime:0.000255s ]
INFO: [ view_parse ] --START--
INFO: [ template_filter ] --START--
INFO: Run Behavior\ContentReplaceBehavior [ RunTime:0.000080s ]
INFO: [ template_filter ] --END-- [ RunTime:0.000145s ]
NOTIC: [8] Undefined index: content2 C:\xampp\htdocs\app\Application\Runtime\Cache\Home\91af0b494442a729532da502a52c406c.php 第 54 行.
NOTIC: [8] Undefined index: content3 C:\xampp\htdocs\app\Application\Runtime\Cache\Home\91af0b494442a729532da502a52c406c.php 第 54 行.
INFO: Run Behavior\ParseTemplateBehavior [ RunTime:0.011436s ]
INFO: [ view_parse ] --END-- [ RunTime:0.011495s ]
INFO: [ view_filter ] --START--
INFO: Run Behavior\WriteHtmlCacheBehavior [ RunTime:0.000463s ]
INFO: [ view_filter ] --END-- [ RunTime:0.000511s ]
INFO: [ app_end ] --START--
INFO: Run Behavior\ShowPageTraceBehavior [ RunTime:0.000707s ]
INFO: [ app_end ] --END-- [ RunTime:0.000752s ]

[ 2014-08-26T21:17:03+08:00 ] 127.0.0.1 /app/index.php/Home/Image/readImage/id/7.html
INFO: [ app_init ] --START--
INFO: Run Behavior\BuildLiteBehavior [ RunTime:0.000015s ]
INFO: [ app_init ] --END-- [ RunTime:0.000630s ]
INFO: [ app_begin ] --START--
INFO: Run Behavior\ReadHtmlCacheBehavior [ RunTime:0.000786s ]
INFO: [ app_begin ] --END-- [ RunTime:0.000839s ]
SQL: SHOW COLUMNS FROM `image` [ RunTime:0.002659s ]
SQL: SELECT * FROM `image` WHERE ( `id` = 7 ) LIMIT 1   [ RunTime:0.000260s ]
SQL: SHOW COLUMNS FROM `image_detail` [ RunTime:0.004005s ]
SQL: SELECT * FROM `image_detail` WHERE ( `image_id` = 7 )  [ RunTime:0.000250s ]
INFO: [ view_parse ] --START--
INFO: [ template_filter ] --START--
INFO: Run Behavior\ContentReplaceBehavior [ RunTime:0.000065s ]
INFO: [ template_filter ] --END-- [ RunTime:0.000123s ]
NOTIC: [8] Undefined index: content2 C:\xampp\htdocs\app\Application\Runtime\Cache\Home\91af0b494442a729532da502a52c406c.php 第 54 行.
NOTIC: [8] Undefined index: content3 C:\xampp\htdocs\app\Application\Runtime\Cache\Home\91af0b494442a729532da502a52c406c.php 第 54 行.
INFO: Run Behavior\ParseTemplateBehavior [ RunTime:0.012580s ]
INFO: [ view_parse ] --END-- [ RunTime:0.012643s ]
INFO: [ view_filter ] --START--
INFO: Run Behavior\WriteHtmlCacheBehavior [ RunTime:0.000431s ]
INFO: [ view_filter ] --END-- [ RunTime:0.000476s ]
INFO: [ app_end ] --START--
INFO: Run Behavior\ShowPageTraceBehavior [ RunTime:0.000757s ]
INFO: [ app_end ] --END-- [ RunTime:0.000801s ]

[ 2014-08-26T21:17:45+08:00 ] 127.0.0.1 /app/index.php/Home/Image/readImage/id/7.html
INFO: [ app_init ] --START--
INFO: Run Behavior\BuildLiteBehavior [ RunTime:0.000016s ]
INFO: [ app_init ] --END-- [ RunTime:0.000505s ]
INFO: [ app_begin ] --START--
INFO: Run Behavior\ReadHtmlCacheBehavior [ RunTime:0.000699s ]
INFO: [ app_begin ] --END-- [ RunTime:0.000753s ]
SQL: SHOW COLUMNS FROM `image` [ RunTime:0.002584s ]
SQL: SELECT * FROM `image` WHERE ( `id` = 7 ) LIMIT 1   [ RunTime:0.000397s ]
SQL: SHOW COLUMNS FROM `image_detail` [ RunTime:0.006820s ]
SQL: SELECT * FROM `image_detail` WHERE ( `image_id` = 7 )  [ RunTime:0.000302s ]
INFO: [ view_parse ] --START--
INFO: [ template_filter ] --START--
INFO: Run Behavior\ContentReplaceBehavior [ RunTime:0.000069s ]
INFO: [ template_filter ] --END-- [ RunTime:0.000134s ]
NOTIC: [8] Undefined index: content2 C:\xampp\htdocs\app\Application\Runtime\Cache\Home\91af0b494442a729532da502a52c406c.php 第 54 行.
NOTIC: [8] Undefined index: content3 C:\xampp\htdocs\app\Application\Runtime\Cache\Home\91af0b494442a729532da502a52c406c.php 第 54 行.
INFO: Run Behavior\ParseTemplateBehavior [ RunTime:0.011037s ]
INFO: [ view_parse ] --END-- [ RunTime:0.011091s ]
INFO: [ view_filter ] --START--
INFO: Run Behavior\WriteHtmlCacheBehavior [ RunTime:0.000354s ]
INFO: [ view_filter ] --END-- [ RunTime:0.000397s ]
INFO: [ app_end ] --START--
INFO: Run Behavior\ShowPageTraceBehavior [ RunTime:0.000812s ]
INFO: [ app_end ] --END-- [ RunTime:0.000862s ]

[ 2014-08-26T21:23:58+08:00 ] 127.0.0.1 /app/index.php/Home/Image/readImage/id/7.html
INFO: [ app_init ] --START--
INFO: Run Behavior\BuildLiteBehavior [ RunTime:0.000017s ]
INFO: [ app_init ] --END-- [ RunTime:0.000738s ]
INFO: [ app_begin ] --START--
INFO: Run Behavior\ReadHtmlCacheBehavior [ RunTime:0.000807s ]
INFO: [ app_begin ] --END-- [ RunTime:0.000859s ]
SQL: SHOW COLUMNS FROM `image` [ RunTime:0.002674s ]
SQL: SELECT * FROM `image` WHERE ( `id` = 7 ) LIMIT 1   [ RunTime:0.000280s ]
SQL: SHOW COLUMNS FROM `image_detail` [ RunTime:0.003005s ]
SQL: SELECT * FROM `image_detail` WHERE ( `image_id` = 7 )  [ RunTime:0.000250s ]
INFO: [ view_parse ] --START--
INFO: [ template_filter ] --START--
INFO: Run Behavior\ContentReplaceBehavior [ RunTime:0.000077s ]
INFO: [ template_filter ] --END-- [ RunTime:0.000145s ]
NOTIC: [8] Undefined index: content2 C:\xampp\htdocs\app\Application\Runtime\Cache\Home\91af0b494442a729532da502a52c406c.php 第 54 行.
NOTIC: [8] Undefined index: content3 C:\xampp\htdocs\app\Application\Runtime\Cache\Home\91af0b494442a729532da502a52c406c.php 第 54 行.
INFO: Run Behavior\ParseTemplateBehavior [ RunTime:0.012132s ]
INFO: [ view_parse ] --END-- [ RunTime:0.012192s ]
INFO: [ view_filter ] --START--
INFO: Run Behavior\WriteHtmlCacheBehavior [ RunTime:0.000490s ]
INFO: [ view_filter ] --END-- [ RunTime:0.000534s ]
INFO: [ app_end ] --START--
INFO: Run Behavior\ShowPageTraceBehavior [ RunTime:0.000772s ]
INFO: [ app_end ] --END-- [ RunTime:0.000817s ]

