[ 2015-08-23T17:25:05+08:00 ] ::1 //apppp/
INFO: [ app_init ] --START--
INFO: Run Behavior\BuildLiteBehavior [ RunTime:0.000053s ]
INFO: [ app_init ] --END-- [ RunTime:0.001287s ]
INFO: [ app_begin ] --START--
INFO: Run Behavior\ReadHtmlCacheBehavior [ RunTime:0.001757s ]
INFO: [ app_begin ] --END-- [ RunTime:0.002033s ]
INFO: [ view_parse ] --START--
INFO: [ template_filter ] --START--
INFO: Run Behavior\ContentReplaceBehavior [ RunTime:0.000112s ]
INFO: [ template_filter ] --END-- [ RunTime:0.000530s ]
INFO: Run Behavior\ParseTemplateBehavior [ RunTime:0.020829s ]
INFO: [ view_parse ] --END-- [ RunTime:0.021089s ]
INFO: [ view_filter ] --START--
INFO: Run Behavior\WriteHtmlCacheBehavior [ RunTime:0.001285s ]
INFO: [ view_filter ] --END-- [ RunTime:0.001522s ]
INFO: [ app_end ] --START--
INFO: Run Behavior\ShowPageTraceBehavior [ RunTime:0.001581s ]
INFO: [ app_end ] --END-- [ RunTime:0.001814s ]

[ 2015-08-23T17:25:08+08:00 ] ::1 /apppp/index.php/Home/Public/logout.html
INFO: [ app_init ] --START--
INFO: Run Behavior\BuildLiteBehavior [ RunTime:0.000033s ]
INFO: [ app_init ] --END-- [ RunTime:0.000855s ]
INFO: [ app_begin ] --START--
INFO: Run Behavior\ReadHtmlCacheBehavior [ RunTime:0.001149s ]
INFO: [ app_begin ] --END-- [ RunTime:0.001305s ]

[ 2015-08-23T17:25:08+08:00 ] ::1 /apppp/index.php/Home/Public/login.html
INFO: [ app_init ] --START--
INFO: Run Behavior\BuildLiteBehavior [ RunTime:0.000106s ]
INFO: [ app_init ] --END-- [ RunTime:0.001975s ]
INFO: [ app_begin ] --START--
INFO: Run Behavior\ReadHtmlCacheBehavior [ RunTime:0.001217s ]
INFO: [ app_begin ] --END-- [ RunTime:0.001377s ]
INFO: [ view_parse ] --START--
INFO: [ template_filter ] --START--
INFO: Run Behavior\ContentReplaceBehavior [ RunTime:0.000058s ]
INFO: [ template_filter ] --END-- [ RunTime:0.000175s ]
NOTIC: [8] Undefined variable: msg E:\wamp\www\apppp\Application\Runtime\Cache\Home\ddaf032eeb3f0e441c9409c65fc90ee1.php 第 10 行.
INFO: Run Behavior\ParseTemplateBehavior [ RunTime:0.007972s ]
INFO: [ view_parse ] --END-- [ RunTime:0.008125s ]
INFO: [ view_filter ] --START--
INFO: Run Behavior\WriteHtmlCacheBehavior [ RunTime:0.000845s ]
INFO: [ view_filter ] --END-- [ RunTime:0.000963s ]
INFO: [ app_end ] --START--
INFO: Run Behavior\ShowPageTraceBehavior [ RunTime:0.001226s ]
INFO: [ app_end ] --END-- [ RunTime:0.001378s ]

[ 2015-08-23T17:25:16+08:00 ] ::1 /apppp/index.php/Home/Public/login.html
INFO: [ app_init ] --START--
INFO: Run Behavior\BuildLiteBehavior [ RunTime:0.000026s ]
INFO: [ app_init ] --END-- [ RunTime:0.000712s ]
INFO: [ app_begin ] --START--
INFO: Run Behavior\ReadHtmlCacheBehavior [ RunTime:0.000872s ]
INFO: [ app_begin ] --END-- [ RunTime:0.000990s ]
NOTIC: [8192] mysql_connect(): The mysql extension is deprecated and will be removed in the future: use mysqli or PDO instead E:\wamp\www\apppp\ThinkPHP\Library\Think\Db\Driver\Mysql.class.php 第 52 行.
SQL: SHOW COLUMNS FROM `user` [ RunTime:0.076127s ]
SQL: SELECT `uid`,`name`,`truename`,`admin_flag`,`dept_id`,`pwd` FROM `user` WHERE ( `name` = 'admin' ) AND ( `pwd` = '21232f297a57a5a743894a0e4a801fc3' ) LIMIT 1   [ RunTime:0.000897s ]
INFO: [ view_parse ] --START--
INFO: [ template_filter ] --START--
INFO: Run Behavior\ContentReplaceBehavior [ RunTime:0.000110s ]
INFO: [ template_filter ] --END-- [ RunTime:0.000348s ]
INFO: Run Behavior\ParseTemplateBehavior [ RunTime:0.014185s ]
INFO: [ view_parse ] --END-- [ RunTime:0.014371s ]
INFO: [ view_filter ] --START--
INFO: Run Behavior\WriteHtmlCacheBehavior [ RunTime:0.000819s ]
INFO: [ view_filter ] --END-- [ RunTime:0.000948s ]
INFO: [ app_end ] --START--
INFO: Run Behavior\ShowPageTraceBehavior [ RunTime:0.001474s ]
INFO: [ app_end ] --END-- [ RunTime:0.001680s ]

[ 2015-08-23T17:25:24+08:00 ] ::1 /apppp/index.php/Home/Public/login.html
INFO: [ app_init ] --START--
INFO: Run Behavior\BuildLiteBehavior [ RunTime:0.000048s ]
INFO: [ app_init ] --END-- [ RunTime:0.000793s ]
INFO: [ app_begin ] --START--
INFO: Run Behavior\ReadHtmlCacheBehavior [ RunTime:0.001233s ]
INFO: [ app_begin ] --END-- [ RunTime:0.001419s ]
NOTIC: [8192] mysql_connect(): The mysql extension is deprecated and will be removed in the future: use mysqli or PDO instead E:\wamp\www\apppp\ThinkPHP\Library\Think\Db\Driver\Mysql.class.php 第 52 行.
SQL: SHOW COLUMNS FROM `user` [ RunTime:0.027177s ]
SQL: SELECT `uid`,`name`,`truename`,`admin_flag`,`dept_id`,`pwd` FROM `user` WHERE ( `name` = 'admin' ) AND ( `pwd` = 'e10adc3949ba59abbe56e057f20f883e' ) LIMIT 1   [ RunTime:0.000518s ]

[ 2015-08-23T17:25:24+08:00 ] ::1 /apppp/index.php/Home/Image/listImage.html
INFO: [ app_init ] --START--
INFO: Run Behavior\BuildLiteBehavior [ RunTime:0.000026s ]
INFO: [ app_init ] --END-- [ RunTime:0.000633s ]
INFO: [ app_begin ] --START--
INFO: Run Behavior\ReadHtmlCacheBehavior [ RunTime:0.000877s ]
INFO: [ app_begin ] --END-- [ RunTime:0.000993s ]
NOTIC: [8192] mysql_connect(): The mysql extension is deprecated and will be removed in the future: use mysqli or PDO instead E:\wamp\www\apppp\ThinkPHP\Library\Think\Db\Driver\Mysql.class.php 第 52 行.
SQL: select * from department where del_flag=0  [ RunTime:0.000709s ]
SQL: select * from floor where dept_id = '1' and del_flag=0  [ RunTime:0.000363s ]
SQL: select * from floor where dept_id = '3' and del_flag=0  [ RunTime:0.000268s ]
SQL: select * from department where del_flag='0'  [ RunTime:0.000264s ]
INFO: [ view_parse ] --START--
INFO: [ template_filter ] --START--
INFO: Run Behavior\ContentReplaceBehavior [ RunTime:0.000158s ]
INFO: [ template_filter ] --END-- [ RunTime:0.000275s ]
INFO: Run Behavior\ParseTemplateBehavior [ RunTime:0.016600s ]
INFO: [ view_parse ] --END-- [ RunTime:0.016742s ]
INFO: [ view_filter ] --START--
INFO: Run Behavior\WriteHtmlCacheBehavior [ RunTime:0.000700s ]
INFO: [ view_filter ] --END-- [ RunTime:0.000850s ]
INFO: [ app_end ] --START--
INFO: Run Behavior\ShowPageTraceBehavior [ RunTime:0.001452s ]
INFO: [ app_end ] --END-- [ RunTime:0.001635s ]

[ 2015-08-23T17:25:25+08:00 ] ::1 /apppp/index.php/Home/Image/searchFloor
INFO: [ app_init ] --START--
INFO: Run Behavior\BuildLiteBehavior [ RunTime:0.000058s ]
INFO: [ app_init ] --END-- [ RunTime:0.001277s ]
INFO: [ app_begin ] --START--
INFO: Run Behavior\ReadHtmlCacheBehavior [ RunTime:0.001365s ]
INFO: [ app_begin ] --END-- [ RunTime:0.001539s ]
NOTIC: [8192] mysql_connect(): The mysql extension is deprecated and will be removed in the future: use mysqli or PDO instead E:\wamp\www\apppp\ThinkPHP\Library\Think\Db\Driver\Mysql.class.php 第 52 行.
SQL: select * from floor where del_flag='0' and dept_id = '1' [ RunTime:0.000341s ]

[ 2015-08-23T17:25:32+08:00 ] ::1 /apppp/index.php/Home/User/listUser.html
INFO: [ app_init ] --START--
INFO: Run Behavior\BuildLiteBehavior [ RunTime:0.000042s ]
INFO: [ app_init ] --END-- [ RunTime:0.001119s ]
INFO: [ app_begin ] --START--
INFO: Run Behavior\ReadHtmlCacheBehavior [ RunTime:0.001455s ]
INFO: [ app_begin ] --END-- [ RunTime:0.001665s ]
NOTIC: [8192] mysql_connect(): The mysql extension is deprecated and will be removed in the future: use mysqli or PDO instead E:\wamp\www\apppp\ThinkPHP\Library\Think\Db\Driver\Mysql.class.php 第 52 行.
SQL: select * from user where 1=1  [ RunTime:0.000615s ]
INFO: [ view_parse ] --START--
INFO: [ template_filter ] --START--
INFO: Run Behavior\ContentReplaceBehavior [ RunTime:0.000086s ]
INFO: [ template_filter ] --END-- [ RunTime:0.000201s ]
INFO: Run Behavior\ParseTemplateBehavior [ RunTime:0.010937s ]
INFO: [ view_parse ] --END-- [ RunTime:0.011187s ]
INFO: [ view_filter ] --START--
INFO: Run Behavior\WriteHtmlCacheBehavior [ RunTime:0.001324s ]
INFO: [ view_filter ] --END-- [ RunTime:0.001549s ]
INFO: [ app_end ] --START--
INFO: Run Behavior\ShowPageTraceBehavior [ RunTime:0.001862s ]
INFO: [ app_end ] --END-- [ RunTime:0.002080s ]

[ 2015-08-23T17:25:41+08:00 ] ::1 /apppp/index.php/Home/Public/logout.html
INFO: [ app_init ] --START--
INFO: Run Behavior\BuildLiteBehavior [ RunTime:0.000030s ]
INFO: [ app_init ] --END-- [ RunTime:0.000961s ]
INFO: [ app_begin ] --START--
INFO: Run Behavior\ReadHtmlCacheBehavior [ RunTime:0.001027s ]
INFO: [ app_begin ] --END-- [ RunTime:0.001160s ]

[ 2015-08-23T17:25:41+08:00 ] ::1 /apppp/index.php/Home/Public/login.html
INFO: [ app_init ] --START--
INFO: Run Behavior\BuildLiteBehavior [ RunTime:0.000029s ]
INFO: [ app_init ] --END-- [ RunTime:0.000800s ]
INFO: [ app_begin ] --START--
INFO: Run Behavior\ReadHtmlCacheBehavior [ RunTime:0.001008s ]
INFO: [ app_begin ] --END-- [ RunTime:0.001168s ]
INFO: [ view_parse ] --START--
INFO: [ template_filter ] --START--
INFO: Run Behavior\ContentReplaceBehavior [ RunTime:0.000056s ]
INFO: [ template_filter ] --END-- [ RunTime:0.000169s ]
NOTIC: [8] Undefined variable: msg E:\wamp\www\apppp\Application\Runtime\Cache\Home\ddaf032eeb3f0e441c9409c65fc90ee1.php 第 10 行.
INFO: Run Behavior\ParseTemplateBehavior [ RunTime:0.010048s ]
INFO: [ view_parse ] --END-- [ RunTime:0.010179s ]
INFO: [ view_filter ] --START--
INFO: Run Behavior\WriteHtmlCacheBehavior [ RunTime:0.000665s ]
INFO: [ view_filter ] --END-- [ RunTime:0.000767s ]
INFO: [ app_end ] --START--
INFO: Run Behavior\ShowPageTraceBehavior [ RunTime:0.000892s ]
INFO: [ app_end ] --END-- [ RunTime:0.001032s ]

[ 2015-08-23T17:25:43+08:00 ] ::1 /apppp/index.php/Home/Public/login.html
INFO: [ app_init ] --START--
INFO: Run Behavior\BuildLiteBehavior [ RunTime:0.000040s ]
INFO: [ app_init ] --END-- [ RunTime:0.001078s ]
INFO: [ app_begin ] --START--
INFO: Run Behavior\ReadHtmlCacheBehavior [ RunTime:0.001215s ]
INFO: [ app_begin ] --END-- [ RunTime:0.001364s ]
NOTIC: [8192] mysql_connect(): The mysql extension is deprecated and will be removed in the future: use mysqli or PDO instead E:\wamp\www\apppp\ThinkPHP\Library\Think\Db\Driver\Mysql.class.php 第 52 行.
SQL: SHOW COLUMNS FROM `user` [ RunTime:0.005041s ]
SQL: SELECT `uid`,`name`,`truename`,`admin_flag`,`dept_id`,`pwd` FROM `user` WHERE ( `name` = '' ) AND ( `pwd` = 'd41d8cd98f00b204e9800998ecf8427e' ) LIMIT 1   [ RunTime:0.000386s ]
INFO: [ view_parse ] --START--
INFO: [ template_filter ] --START--
INFO: Run Behavior\ContentReplaceBehavior [ RunTime:0.000068s ]
INFO: [ template_filter ] --END-- [ RunTime:0.000207s ]
INFO: Run Behavior\ParseTemplateBehavior [ RunTime:0.014726s ]
INFO: [ view_parse ] --END-- [ RunTime:0.014887s ]
INFO: [ view_filter ] --START--
INFO: Run Behavior\WriteHtmlCacheBehavior [ RunTime:0.001044s ]
INFO: [ view_filter ] --END-- [ RunTime:0.001179s ]
INFO: [ app_end ] --START--
INFO: Run Behavior\ShowPageTraceBehavior [ RunTime:0.001140s ]
INFO: [ app_end ] --END-- [ RunTime:0.001286s ]

[ 2015-08-23T17:25:50+08:00 ] ::1 /apppp/index.php/Home/Public/login.html
INFO: [ app_init ] --START--
INFO: Run Behavior\BuildLiteBehavior [ RunTime:0.000028s ]
INFO: [ app_init ] --END-- [ RunTime:0.000872s ]
INFO: [ app_begin ] --START--
INFO: Run Behavior\ReadHtmlCacheBehavior [ RunTime:0.000826s ]
INFO: [ app_begin ] --END-- [ RunTime:0.000953s ]
NOTIC: [8192] mysql_connect(): The mysql extension is deprecated and will be removed in the future: use mysqli or PDO instead E:\wamp\www\apppp\ThinkPHP\Library\Think\Db\Driver\Mysql.class.php 第 52 行.
SQL: SHOW COLUMNS FROM `user` [ RunTime:0.027797s ]
SQL: SELECT `uid`,`name`,`truename`,`admin_flag`,`dept_id`,`pwd` FROM `user` WHERE ( `name` = 'admin' ) AND ( `pwd` = 'e10adc3949ba59abbe56e057f20f883e' ) LIMIT 1   [ RunTime:0.000589s ]

[ 2015-08-23T17:25:50+08:00 ] ::1 /apppp/index.php/Home/Image/listImage.html
INFO: [ app_init ] --START--
INFO: Run Behavior\BuildLiteBehavior [ RunTime:0.000026s ]
INFO: [ app_init ] --END-- [ RunTime:0.000676s ]
INFO: [ app_begin ] --START--
INFO: Run Behavior\ReadHtmlCacheBehavior [ RunTime:0.000993s ]
INFO: [ app_begin ] --END-- [ RunTime:0.001112s ]
NOTIC: [8192] mysql_connect(): The mysql extension is deprecated and will be removed in the future: use mysqli or PDO instead E:\wamp\www\apppp\ThinkPHP\Library\Think\Db\Driver\Mysql.class.php 第 52 行.
SQL: select * from department where del_flag=0  [ RunTime:0.000323s ]
SQL: select * from floor where dept_id = '1' and del_flag=0  [ RunTime:0.000267s ]
SQL: select * from floor where dept_id = '3' and del_flag=0  [ RunTime:0.000231s ]
SQL: select * from department where del_flag='0'  [ RunTime:0.000266s ]
INFO: [ view_parse ] --START--
INFO: [ template_filter ] --START--
INFO: Run Behavior\ContentReplaceBehavior [ RunTime:0.000129s ]
INFO: [ template_filter ] --END-- [ RunTime:0.000243s ]
INFO: Run Behavior\ParseTemplateBehavior [ RunTime:0.015155s ]
INFO: [ view_parse ] --END-- [ RunTime:0.015303s ]
INFO: [ view_filter ] --START--
INFO: Run Behavior\WriteHtmlCacheBehavior [ RunTime:0.000761s ]
INFO: [ view_filter ] --END-- [ RunTime:0.000873s ]
INFO: [ app_end ] --START--
INFO: Run Behavior\ShowPageTraceBehavior [ RunTime:0.001741s ]
INFO: [ app_end ] --END-- [ RunTime:0.001956s ]

[ 2015-08-23T17:25:51+08:00 ] ::1 /apppp/index.php/Home/Image/searchFloor
INFO: [ app_init ] --START--
INFO: Run Behavior\BuildLiteBehavior [ RunTime:0.000049s ]
INFO: [ app_init ] --END-- [ RunTime:0.001245s ]
INFO: [ app_begin ] --START--
INFO: Run Behavior\ReadHtmlCacheBehavior [ RunTime:0.001986s ]
INFO: [ app_begin ] --END-- [ RunTime:0.002213s ]
NOTIC: [8192] mysql_connect(): The mysql extension is deprecated and will be removed in the future: use mysqli or PDO instead E:\wamp\www\apppp\ThinkPHP\Library\Think\Db\Driver\Mysql.class.php 第 52 行.
SQL: select * from floor where del_flag='0' and dept_id = '1' [ RunTime:0.000428s ]

[ 2015-08-23T17:25:56+08:00 ] ::1 /apppp/index.php/Home/User/listUser.html
INFO: [ app_init ] --START--
INFO: Run Behavior\BuildLiteBehavior [ RunTime:0.000026s ]
INFO: [ app_init ] --END-- [ RunTime:0.000659s ]
INFO: [ app_begin ] --START--
INFO: Run Behavior\ReadHtmlCacheBehavior [ RunTime:0.001056s ]
INFO: [ app_begin ] --END-- [ RunTime:0.001175s ]
NOTIC: [8192] mysql_connect(): The mysql extension is deprecated and will be removed in the future: use mysqli or PDO instead E:\wamp\www\apppp\ThinkPHP\Library\Think\Db\Driver\Mysql.class.php 第 52 行.
SQL: select * from user where 1=1  [ RunTime:0.000476s ]
INFO: [ view_parse ] --START--
INFO: [ template_filter ] --START--
INFO: Run Behavior\ContentReplaceBehavior [ RunTime:0.000095s ]
INFO: [ template_filter ] --END-- [ RunTime:0.000227s ]
INFO: Run Behavior\ParseTemplateBehavior [ RunTime:0.015730s ]
INFO: [ view_parse ] --END-- [ RunTime:0.015862s ]
INFO: [ view_filter ] --START--
INFO: Run Behavior\WriteHtmlCacheBehavior [ RunTime:0.000872s ]
INFO: [ view_filter ] --END-- [ RunTime:0.000977s ]
INFO: [ app_end ] --START--
INFO: Run Behavior\ShowPageTraceBehavior [ RunTime:0.001086s ]
INFO: [ app_end ] --END-- [ RunTime:0.001198s ]

[ 2015-08-23T17:25:58+08:00 ] ::1 /apppp/index.php/Home/User/readUser/uid/14.html
INFO: [ app_init ] --START--
INFO: Run Behavior\BuildLiteBehavior [ RunTime:0.000052s ]
INFO: [ app_init ] --END-- [ RunTime:0.001009s ]
INFO: [ app_begin ] --START--
INFO: Run Behavior\ReadHtmlCacheBehavior [ RunTime:0.001324s ]
INFO: [ app_begin ] --END-- [ RunTime:0.001546s ]
NOTIC: [8192] mysql_connect(): The mysql extension is deprecated and will be removed in the future: use mysqli or PDO instead E:\wamp\www\apppp\ThinkPHP\Library\Think\Db\Driver\Mysql.class.php 第 52 行.
SQL: select * from department  [ RunTime:0.000394s ]
SQL: SHOW COLUMNS FROM `user` [ RunTime:0.005920s ]
SQL: SELECT * FROM `user` WHERE ( `uid` = 14 ) LIMIT 1   [ RunTime:0.000514s ]
INFO: [ view_parse ] --START--
INFO: [ template_filter ] --START--
INFO: Run Behavior\ContentReplaceBehavior [ RunTime:0.000153s ]
INFO: [ template_filter ] --END-- [ RunTime:0.000414s ]
INFO: Run Behavior\ParseTemplateBehavior [ RunTime:0.020631s ]
INFO: [ view_parse ] --END-- [ RunTime:0.020821s ]
INFO: [ view_filter ] --START--
INFO: Run Behavior\WriteHtmlCacheBehavior [ RunTime:0.001378s ]
INFO: [ view_filter ] --END-- [ RunTime:0.001605s ]
INFO: [ app_end ] --START--
INFO: Run Behavior\ShowPageTraceBehavior [ RunTime:0.001846s ]
INFO: [ app_end ] --END-- [ RunTime:0.002078s ]

[ 2015-08-23T17:26:03+08:00 ] ::1 /apppp/index.php/Home/User/readUser.html
INFO: [ app_init ] --START--
INFO: Run Behavior\BuildLiteBehavior [ RunTime:0.000030s ]
INFO: [ app_init ] --END-- [ RunTime:0.000771s ]
INFO: [ app_begin ] --START--
INFO: Run Behavior\ReadHtmlCacheBehavior [ RunTime:0.001064s ]
INFO: [ app_begin ] --END-- [ RunTime:0.001186s ]
NOTIC: [8192] mysql_connect(): The mysql extension is deprecated and will be removed in the future: use mysqli or PDO instead E:\wamp\www\apppp\ThinkPHP\Library\Think\Db\Driver\Mysql.class.php 第 52 行.
SQL: select * from department  [ RunTime:0.000254s ]
NOTIC: [8] Undefined index: uid E:\wamp\www\apppp\Application\Home\Controller\UserController.class.php 第 29 行.
INFO: [ view_parse ] --START--
INFO: [ template_filter ] --START--
INFO: Run Behavior\ContentReplaceBehavior [ RunTime:0.000086s ]
INFO: [ template_filter ] --END-- [ RunTime:0.000211s ]
NOTIC: [8] Undefined variable: info E:\wamp\www\apppp\Application\Runtime\Cache\Home\9e127cb4c80d9eec48697c191d4af73e.php 第 18 行.
NOTIC: [8] Undefined variable: info E:\wamp\www\apppp\Application\Runtime\Cache\Home\9e127cb4c80d9eec48697c191d4af73e.php 第 29 行.
NOTIC: [8] Undefined variable: info E:\wamp\www\apppp\Application\Runtime\Cache\Home\9e127cb4c80d9eec48697c191d4af73e.php 第 32 行.
NOTIC: [8] Undefined variable: info E:\wamp\www\apppp\Application\Runtime\Cache\Home\9e127cb4c80d9eec48697c191d4af73e.php 第 33 行.
NOTIC: [8] Undefined variable: info E:\wamp\www\apppp\Application\Runtime\Cache\Home\9e127cb4c80d9eec48697c191d4af73e.php 第 43 行.
NOTIC: [8] Undefined variable: info E:\wamp\www\apppp\Application\Runtime\Cache\Home\9e127cb4c80d9eec48697c191d4af73e.php 第 44 行.
NOTIC: [8] Undefined variable: info E:\wamp\www\apppp\Application\Runtime\Cache\Home\9e127cb4c80d9eec48697c191d4af73e.php 第 48 行.
NOTIC: [8] Undefined variable: info E:\wamp\www\apppp\Application\Runtime\Cache\Home\9e127cb4c80d9eec48697c191d4af73e.php 第 49 行.
INFO: Run Behavior\ParseTemplateBehavior [ RunTime:0.012020s ]
INFO: [ view_parse ] --END-- [ RunTime:0.012140s ]
INFO: [ view_filter ] --START--
INFO: Run Behavior\WriteHtmlCacheBehavior [ RunTime:0.000844s ]
INFO: [ view_filter ] --END-- [ RunTime:0.000947s ]
INFO: [ app_end ] --START--
INFO: Run Behavior\ShowPageTraceBehavior [ RunTime:0.000993s ]
INFO: [ app_end ] --END-- [ RunTime:0.001101s ]

