[ 2015-09-07T22:27:02+08:00 ] ::1 /apppp/index.php/Home/Public/login.html
INFO: [ app_init ] --START--
INFO: Run Behavior\BuildLiteBehavior [ RunTime:0.000084s ]
INFO: [ app_init ] --END-- [ RunTime:0.035743s ]
INFO: [ app_begin ] --START--
INFO: Run Behavior\ReadHtmlCacheBehavior [ RunTime:0.002693s ]
INFO: [ app_begin ] --END-- [ RunTime:0.003093s ]
INFO: [ view_parse ] --START--
INFO: [ template_filter ] --START--
INFO: Run Behavior\ContentReplaceBehavior [ RunTime:0.000180s ]
INFO: [ template_filter ] --END-- [ RunTime:0.000554s ]
NOTIC: [8] Undefined variable: msg E:\wamp\www\apppp\Application\Runtime\Cache\Home\ddaf032eeb3f0e441c9409c65fc90ee1.php 第 10 行.
INFO: Run Behavior\ParseTemplateBehavior [ RunTime:0.063539s ]
INFO: [ view_parse ] --END-- [ RunTime:0.063973s ]
INFO: [ view_filter ] --START--
INFO: Run Behavior\WriteHtmlCacheBehavior [ RunTime:0.028986s ]
INFO: [ view_filter ] --END-- [ RunTime:0.029810s ]
INFO: [ app_end ] --START--
INFO: Run Behavior\ShowPageTraceBehavior [ RunTime:0.004241s ]
INFO: [ app_end ] --END-- [ RunTime:0.004917s ]

[ 2015-09-07T22:27:04+08:00 ] ::1 /apppp/index.php/Home/Public/login.html
INFO: [ app_init ] --START--
INFO: Run Behavior\BuildLiteBehavior [ RunTime:0.000078s ]
INFO: [ app_init ] --END-- [ RunTime:0.001685s ]
INFO: [ app_begin ] --START--
INFO: Run Behavior\ReadHtmlCacheBehavior [ RunTime:0.002211s ]
INFO: [ app_begin ] --END-- [ RunTime:0.002619s ]
NOTIC: [8192] mysql_connect(): The mysql extension is deprecated and will be removed in the future: use mysqli or PDO instead E:\wamp\www\apppp\ThinkPHP\Library\Think\Db\Driver\Mysql.class.php 第 52 行.
SQL: SHOW COLUMNS FROM `user` [ RunTime:0.040688s ]
SQL: SELECT `uid`,`name`,`truename`,`admin_flag`,`dept_id`,`pwd` FROM `user` WHERE ( `name` = 'admin' ) AND ( `pwd` = 'e10adc3949ba59abbe56e057f20f883e' ) LIMIT 1   [ RunTime:0.020081s ]

[ 2015-09-07T22:27:05+08:00 ] ::1 /apppp/index.php/Home/Image/listImage.html
INFO: [ app_init ] --START--
INFO: Run Behavior\BuildLiteBehavior [ RunTime:0.000126s ]
INFO: [ app_init ] --END-- [ RunTime:0.002114s ]
INFO: [ app_begin ] --START--
INFO: Run Behavior\ReadHtmlCacheBehavior [ RunTime:0.000910s ]
INFO: [ app_begin ] --END-- [ RunTime:0.001116s ]
NOTIC: [8192] mysql_connect(): The mysql extension is deprecated and will be removed in the future: use mysqli or PDO instead E:\wamp\www\apppp\ThinkPHP\Library\Think\Db\Driver\Mysql.class.php 第 52 行.
SQL: select * from department where del_flag=0  [ RunTime:0.179634s ]
SQL: select * from floor where dept_id = '1' and del_flag=0  [ RunTime:0.047172s ]
SQL: select * from image where dept_id = '1' and floor_id='10'  [ RunTime:0.016585s ]
SQL: select * from image where dept_id = '1' and floor_id='13'  [ RunTime:0.000772s ]
SQL: select * from image where dept_id = '1' and floor_id='14'  [ RunTime:0.000888s ]
SQL: select * from floor where dept_id = '3' and del_flag=0  [ RunTime:0.000891s ]
SQL: select * from image where dept_id = '3' and floor_id='6'  [ RunTime:0.000927s ]
SQL: select * from image where dept_id = '3' and floor_id='7'  [ RunTime:0.000800s ]
SQL: select * from image where dept_id = '3' and floor_id='9'  [ RunTime:0.000764s ]
SQL: select * from image where dept_id = '3' and floor_id='11'  [ RunTime:0.000824s ]
SQL: select * from image where dept_id = '3' and floor_id='12'  [ RunTime:0.000982s ]
SQL: select * from floor where dept_id = '4' and del_flag=0  [ RunTime:0.000740s ]
SQL: select * from floor where dept_id = '5' and del_flag=0  [ RunTime:0.000788s ]
SQL: select * from floor where dept_id = '6' and del_flag=0  [ RunTime:0.000727s ]
SQL: select * from image where dept_id = '6' and floor_id='15'  [ RunTime:0.000762s ]
SQL: select * from floor where dept_id = '7' and del_flag=0  [ RunTime:0.000860s ]
SQL: select * from floor where dept_id = '8' and del_flag=0  [ RunTime:0.000782s ]
SQL: select * from image where dept_id = '8' and floor_id='16'  [ RunTime:0.000909s ]
SQL: select * from floor where dept_id = '9' and del_flag=0  [ RunTime:0.000731s ]
SQL: select * from department where del_flag='0'  [ RunTime:0.000735s ]
INFO: [ view_parse ] --START--
INFO: [ template_filter ] --START--
INFO: Run Behavior\ContentReplaceBehavior [ RunTime:0.000425s ]
INFO: [ template_filter ] --END-- [ RunTime:0.000789s ]
INFO: Run Behavior\ParseTemplateBehavior [ RunTime:0.044820s ]
INFO: [ view_parse ] --END-- [ RunTime:0.045211s ]
INFO: [ view_filter ] --START--
INFO: Run Behavior\WriteHtmlCacheBehavior [ RunTime:0.001462s ]
INFO: [ view_filter ] --END-- [ RunTime:0.001800s ]
INFO: [ app_end ] --START--
INFO: Run Behavior\ShowPageTraceBehavior [ RunTime:0.003165s ]
INFO: [ app_end ] --END-- [ RunTime:0.003692s ]

[ 2015-09-07T22:27:05+08:00 ] ::1 /apppp/index.php/Home/Image/searchFloor
INFO: [ app_init ] --START--
INFO: Run Behavior\BuildLiteBehavior [ RunTime:0.000024s ]
INFO: [ app_init ] --END-- [ RunTime:0.000542s ]
INFO: [ app_begin ] --START--
INFO: Run Behavior\ReadHtmlCacheBehavior [ RunTime:0.000676s ]
INFO: [ app_begin ] --END-- [ RunTime:0.000799s ]
NOTIC: [8192] mysql_connect(): The mysql extension is deprecated and will be removed in the future: use mysqli or PDO instead E:\wamp\www\apppp\ThinkPHP\Library\Think\Db\Driver\Mysql.class.php 第 52 行.
SQL: select * from floor where del_flag='0' and dept_id = '1' [ RunTime:0.000445s ]

[ 2015-09-07T22:27:24+08:00 ] ::1 /apppp/index.php/Home/Image/upload
INFO: [ app_init ] --START--
INFO: Run Behavior\BuildLiteBehavior [ RunTime:0.000042s ]
INFO: [ app_init ] --END-- [ RunTime:0.000885s ]
INFO: [ app_begin ] --START--
INFO: Run Behavior\ReadHtmlCacheBehavior [ RunTime:0.000929s ]
INFO: [ app_begin ] --END-- [ RunTime:0.001132s ]
NOTIC: [2] call_user_func() expects parameter 1 to be a valid callback, no array or string given E:\wamp\www\apppp\ThinkPHP\Library\Think\Upload.class.php 第 169 行.
NOTIC: [8192] mysql_connect(): The mysql extension is deprecated and will be removed in the future: use mysqli or PDO instead E:\wamp\www\apppp\ThinkPHP\Library\Think\Db\Driver\Mysql.class.php 第 52 行.
SQL: SHOW COLUMNS FROM `image` [ RunTime:0.012964s ]
SQL: INSERT INTO `image` (`image_name`,`savename`,`path`,`dept_id`,`floor_id`) VALUES ('ssss','55ed9eccde877.jpg','./Public/Upload/Image/20150907/',1,10) [ RunTime:0.001452s ]

[ 2015-09-07T22:27:25+08:00 ] ::1 /apppp/index.php/Home/Image/listImage.html
INFO: [ app_init ] --START--
INFO: Run Behavior\BuildLiteBehavior [ RunTime:0.000051s ]
INFO: [ app_init ] --END-- [ RunTime:0.002192s ]
INFO: [ app_begin ] --START--
INFO: Run Behavior\ReadHtmlCacheBehavior [ RunTime:0.001764s ]
INFO: [ app_begin ] --END-- [ RunTime:0.001999s ]
NOTIC: [8192] mysql_connect(): The mysql extension is deprecated and will be removed in the future: use mysqli or PDO instead E:\wamp\www\apppp\ThinkPHP\Library\Think\Db\Driver\Mysql.class.php 第 52 行.
SQL: select * from department where del_flag=0  [ RunTime:0.000352s ]
SQL: select * from floor where dept_id = '1' and del_flag=0  [ RunTime:0.000363s ]
SQL: select * from image where dept_id = '1' and floor_id='10'  [ RunTime:0.000355s ]
SQL: select * from image where dept_id = '1' and floor_id='13'  [ RunTime:0.000295s ]
SQL: select * from image where dept_id = '1' and floor_id='14'  [ RunTime:0.000286s ]
SQL: select * from floor where dept_id = '3' and del_flag=0  [ RunTime:0.000307s ]
SQL: select * from image where dept_id = '3' and floor_id='6'  [ RunTime:0.000291s ]
SQL: select * from image where dept_id = '3' and floor_id='7'  [ RunTime:0.000293s ]
SQL: select * from image where dept_id = '3' and floor_id='9'  [ RunTime:0.000369s ]
SQL: select * from image where dept_id = '3' and floor_id='11'  [ RunTime:0.000405s ]
SQL: select * from image where dept_id = '3' and floor_id='12'  [ RunTime:0.000406s ]
SQL: select * from floor where dept_id = '4' and del_flag=0  [ RunTime:0.000396s ]
SQL: select * from floor where dept_id = '5' and del_flag=0  [ RunTime:0.000356s ]
SQL: select * from floor where dept_id = '6' and del_flag=0  [ RunTime:0.000290s ]
SQL: select * from image where dept_id = '6' and floor_id='15'  [ RunTime:0.000300s ]
SQL: select * from floor where dept_id = '7' and del_flag=0  [ RunTime:0.000286s ]
SQL: select * from floor where dept_id = '8' and del_flag=0  [ RunTime:0.000279s ]
SQL: select * from image where dept_id = '8' and floor_id='16'  [ RunTime:0.000297s ]
SQL: select * from floor where dept_id = '9' and del_flag=0  [ RunTime:0.000278s ]
SQL: select * from department where del_flag='0'  [ RunTime:0.000278s ]
INFO: [ view_parse ] --START--
INFO: [ template_filter ] --START--
INFO: Run Behavior\ContentReplaceBehavior [ RunTime:0.000167s ]
INFO: [ template_filter ] --END-- [ RunTime:0.000309s ]
INFO: Run Behavior\ParseTemplateBehavior [ RunTime:0.016524s ]
INFO: [ view_parse ] --END-- [ RunTime:0.016678s ]
INFO: [ view_filter ] --START--
INFO: Run Behavior\WriteHtmlCacheBehavior [ RunTime:0.000881s ]
INFO: [ view_filter ] --END-- [ RunTime:0.001012s ]
INFO: [ app_end ] --START--
INFO: Run Behavior\ShowPageTraceBehavior [ RunTime:0.001598s ]
INFO: [ app_end ] --END-- [ RunTime:0.001805s ]

[ 2015-09-07T22:27:25+08:00 ] ::1 /apppp/index.php/Home/Image/searchFloor
INFO: [ app_init ] --START--
INFO: Run Behavior\BuildLiteBehavior [ RunTime:0.000025s ]
INFO: [ app_init ] --END-- [ RunTime:0.000540s ]
INFO: [ app_begin ] --START--
INFO: Run Behavior\ReadHtmlCacheBehavior [ RunTime:0.000846s ]
INFO: [ app_begin ] --END-- [ RunTime:0.000943s ]
NOTIC: [8192] mysql_connect(): The mysql extension is deprecated and will be removed in the future: use mysqli or PDO instead E:\wamp\www\apppp\ThinkPHP\Library\Think\Db\Driver\Mysql.class.php 第 52 行.
SQL: select * from floor where del_flag='0' and dept_id = '1' [ RunTime:0.000333s ]

[ 2015-09-07T22:27:44+08:00 ] ::1 /apppp/index.php/Home/Image/searchFloor
INFO: [ app_init ] --START--
INFO: Run Behavior\BuildLiteBehavior [ RunTime:0.000032s ]
INFO: [ app_init ] --END-- [ RunTime:0.000702s ]
INFO: [ app_begin ] --START--
INFO: Run Behavior\ReadHtmlCacheBehavior [ RunTime:0.001292s ]
INFO: [ app_begin ] --END-- [ RunTime:0.001436s ]
NOTIC: [8192] mysql_connect(): The mysql extension is deprecated and will be removed in the future: use mysqli or PDO instead E:\wamp\www\apppp\ThinkPHP\Library\Think\Db\Driver\Mysql.class.php 第 52 行.
SQL: select * from floor where del_flag='0' and dept_id = '3' [ RunTime:0.000333s ]

[ 2015-09-07T22:27:52+08:00 ] ::1 /apppp/index.php/Home/Image/upload
INFO: [ app_init ] --START--
INFO: Run Behavior\BuildLiteBehavior [ RunTime:0.000042s ]
INFO: [ app_init ] --END-- [ RunTime:0.000915s ]
INFO: [ app_begin ] --START--
INFO: Run Behavior\ReadHtmlCacheBehavior [ RunTime:0.002177s ]
INFO: [ app_begin ] --END-- [ RunTime:0.002468s ]
NOTIC: [2] call_user_func() expects parameter 1 to be a valid callback, no array or string given E:\wamp\www\apppp\ThinkPHP\Library\Think\Upload.class.php 第 169 行.
NOTIC: [8192] mysql_connect(): The mysql extension is deprecated and will be removed in the future: use mysqli or PDO instead E:\wamp\www\apppp\ThinkPHP\Library\Think\Db\Driver\Mysql.class.php 第 52 行.
SQL: SHOW COLUMNS FROM `image` [ RunTime:0.031383s ]
SQL: INSERT INTO `image` (`image_name`,`savename`,`path`,`dept_id`,`floor_id`) VALUES ('hello','55ed9ee7f2d23.jpg','./Public/Upload/Image/20150907/',3,6) [ RunTime:0.000800s ]

[ 2015-09-07T22:27:52+08:00 ] ::1 /apppp/index.php/Home/Image/listImage.html
INFO: [ app_init ] --START--
INFO: Run Behavior\BuildLiteBehavior [ RunTime:0.000049s ]
INFO: [ app_init ] --END-- [ RunTime:0.001074s ]
INFO: [ app_begin ] --START--
INFO: Run Behavior\ReadHtmlCacheBehavior [ RunTime:0.001957s ]
INFO: [ app_begin ] --END-- [ RunTime:0.002203s ]
NOTIC: [8192] mysql_connect(): The mysql extension is deprecated and will be removed in the future: use mysqli or PDO instead E:\wamp\www\apppp\ThinkPHP\Library\Think\Db\Driver\Mysql.class.php 第 52 行.
SQL: select * from department where del_flag=0  [ RunTime:0.000561s ]
SQL: select * from floor where dept_id = '1' and del_flag=0  [ RunTime:0.000566s ]
SQL: select * from image where dept_id = '1' and floor_id='10'  [ RunTime:0.000565s ]
SQL: select * from image where dept_id = '1' and floor_id='13'  [ RunTime:0.000487s ]
SQL: select * from image where dept_id = '1' and floor_id='14'  [ RunTime:0.000450s ]
SQL: select * from floor where dept_id = '3' and del_flag=0  [ RunTime:0.000486s ]
SQL: select * from image where dept_id = '3' and floor_id='6'  [ RunTime:0.000490s ]
SQL: select * from image where dept_id = '3' and floor_id='7'  [ RunTime:0.000466s ]
SQL: select * from image where dept_id = '3' and floor_id='9'  [ RunTime:0.000466s ]
SQL: select * from image where dept_id = '3' and floor_id='11'  [ RunTime:0.000459s ]
SQL: select * from image where dept_id = '3' and floor_id='12'  [ RunTime:0.000494s ]
SQL: select * from floor where dept_id = '4' and del_flag=0  [ RunTime:0.000449s ]
SQL: select * from floor where dept_id = '5' and del_flag=0  [ RunTime:0.000428s ]
SQL: select * from floor where dept_id = '6' and del_flag=0  [ RunTime:0.000447s ]
SQL: select * from image where dept_id = '6' and floor_id='15'  [ RunTime:0.000608s ]
SQL: select * from floor where dept_id = '7' and del_flag=0  [ RunTime:0.000461s ]
SQL: select * from floor where dept_id = '8' and del_flag=0  [ RunTime:0.000477s ]
SQL: select * from image where dept_id = '8' and floor_id='16'  [ RunTime:0.000500s ]
SQL: select * from floor where dept_id = '9' and del_flag=0  [ RunTime:0.000466s ]
SQL: select * from department where del_flag='0'  [ RunTime:0.000465s ]
INFO: [ view_parse ] --START--
INFO: [ template_filter ] --START--
INFO: Run Behavior\ContentReplaceBehavior [ RunTime:0.000273s ]
INFO: [ template_filter ] --END-- [ RunTime:0.000515s ]
INFO: Run Behavior\ParseTemplateBehavior [ RunTime:0.031420s ]
INFO: [ view_parse ] --END-- [ RunTime:0.031745s ]
INFO: [ view_filter ] --START--
INFO: Run Behavior\WriteHtmlCacheBehavior [ RunTime:0.002285s ]
INFO: [ view_filter ] --END-- [ RunTime:0.002682s ]
INFO: [ app_end ] --START--
INFO: Run Behavior\ShowPageTraceBehavior [ RunTime:0.004318s ]
INFO: [ app_end ] --END-- [ RunTime:0.004747s ]

[ 2015-09-07T22:27:52+08:00 ] ::1 /apppp/index.php/Home/Image/searchFloor
INFO: [ app_init ] --START--
INFO: Run Behavior\BuildLiteBehavior [ RunTime:0.000036s ]
INFO: [ app_init ] --END-- [ RunTime:0.001207s ]
INFO: [ app_begin ] --START--
INFO: Run Behavior\ReadHtmlCacheBehavior [ RunTime:0.001016s ]
INFO: [ app_begin ] --END-- [ RunTime:0.001135s ]
NOTIC: [8192] mysql_connect(): The mysql extension is deprecated and will be removed in the future: use mysqli or PDO instead E:\wamp\www\apppp\ThinkPHP\Library\Think\Db\Driver\Mysql.class.php 第 52 行.
SQL: select * from floor where del_flag='0' and dept_id = '1' [ RunTime:0.000346s ]

[ 2015-09-07T22:28:00+08:00 ] ::1 /apppp/index.php/Home/Image/readImage/image_id/20.html
INFO: [ app_init ] --START--
INFO: Run Behavior\BuildLiteBehavior [ RunTime:0.000048s ]
INFO: [ app_init ] --END-- [ RunTime:0.001021s ]
INFO: [ app_begin ] --START--
INFO: Run Behavior\ReadHtmlCacheBehavior [ RunTime:0.001749s ]
INFO: [ app_begin ] --END-- [ RunTime:0.002022s ]
NOTIC: [8192] mysql_connect(): The mysql extension is deprecated and will be removed in the future: use mysqli or PDO instead E:\wamp\www\apppp\ThinkPHP\Library\Think\Db\Driver\Mysql.class.php 第 52 行.
SQL: SHOW COLUMNS FROM `image` [ RunTime:0.006113s ]
SQL: SELECT * FROM `image` WHERE ( `image_id` = 20 ) LIMIT 1   [ RunTime:0.000602s ]
SQL: SHOW COLUMNS FROM `image_detail` [ RunTime:0.049720s ]
SQL: SELECT * FROM `image_detail` WHERE ( `image_id` = 20 )  [ RunTime:0.000624s ]
INFO: [ view_parse ] --START--
INFO: [ template_filter ] --START--
INFO: Run Behavior\ContentReplaceBehavior [ RunTime:0.000231s ]
INFO: [ template_filter ] --END-- [ RunTime:0.000475s ]
INFO: Run Behavior\ParseTemplateBehavior [ RunTime:0.080615s ]
INFO: [ view_parse ] --END-- [ RunTime:0.080866s ]
INFO: [ view_filter ] --START--
INFO: Run Behavior\WriteHtmlCacheBehavior [ RunTime:0.001037s ]
INFO: [ view_filter ] --END-- [ RunTime:0.001191s ]
INFO: [ app_end ] --START--
INFO: Run Behavior\ShowPageTraceBehavior [ RunTime:0.002112s ]
INFO: [ app_end ] --END-- [ RunTime:0.002333s ]

