[ 2015-09-02T15:08:48+08:00 ] ::1 /apppp/index.php/Home/Public/login.html
INFO: [ app_init ] --START--
INFO: Run Behavior\BuildLiteBehavior [ RunTime:0.000098s ]
INFO: [ app_init ] --END-- [ RunTime:0.034428s ]
INFO: [ app_begin ] --START--
INFO: Run Behavior\ReadHtmlCacheBehavior [ RunTime:0.008042s ]
INFO: [ app_begin ] --END-- [ RunTime:0.008341s ]
INFO: [ view_parse ] --START--
INFO: [ template_filter ] --START--
INFO: Run Behavior\ContentReplaceBehavior [ RunTime:0.000075s ]
INFO: [ template_filter ] --END-- [ RunTime:0.000227s ]
NOTIC: [8] Undefined variable: msg E:\wamp\www\apppp\Application\Runtime\Cache\Home\ddaf032eeb3f0e441c9409c65fc90ee1.php 第 10 行.
INFO: Run Behavior\ParseTemplateBehavior [ RunTime:0.098134s ]
INFO: [ view_parse ] --END-- [ RunTime:0.098290s ]
INFO: [ view_filter ] --START--
INFO: Run Behavior\WriteHtmlCacheBehavior [ RunTime:0.018847s ]
INFO: [ view_filter ] --END-- [ RunTime:0.019068s ]
INFO: [ app_end ] --START--
INFO: Run Behavior\ShowPageTraceBehavior [ RunTime:0.002047s ]
INFO: [ app_end ] --END-- [ RunTime:0.002302s ]

[ 2015-09-02T15:08:51+08:00 ] ::1 /apppp/index.php/Home/Public/login.html
INFO: [ app_init ] --START--
INFO: Run Behavior\BuildLiteBehavior [ RunTime:0.000027s ]
INFO: [ app_init ] --END-- [ RunTime:0.000719s ]
INFO: [ app_begin ] --START--
INFO: Run Behavior\ReadHtmlCacheBehavior [ RunTime:0.000950s ]
INFO: [ app_begin ] --END-- [ RunTime:0.001079s ]
NOTIC: [8192] mysql_connect(): The mysql extension is deprecated and will be removed in the future: use mysqli or PDO instead E:\wamp\www\apppp\ThinkPHP\Library\Think\Db\Driver\Mysql.class.php 第 52 行.
SQL: SHOW COLUMNS FROM `user` [ RunTime:0.194229s ]
SQL: SELECT `uid`,`name`,`truename`,`admin_flag`,`dept_id`,`pwd` FROM `user` WHERE ( `name` = 'admin' ) AND ( `pwd` = 'e10adc3949ba59abbe56e057f20f883e' ) LIMIT 1   [ RunTime:0.081350s ]

[ 2015-09-02T15:08:52+08:00 ] ::1 /apppp/index.php/Home/Image/listImage.html
INFO: [ app_init ] --START--
INFO: Run Behavior\BuildLiteBehavior [ RunTime:0.000044s ]
INFO: [ app_init ] --END-- [ RunTime:0.000852s ]
INFO: [ app_begin ] --START--
INFO: Run Behavior\ReadHtmlCacheBehavior [ RunTime:0.000880s ]
INFO: [ app_begin ] --END-- [ RunTime:0.001006s ]
NOTIC: [8192] mysql_connect(): The mysql extension is deprecated and will be removed in the future: use mysqli or PDO instead E:\wamp\www\apppp\ThinkPHP\Library\Think\Db\Driver\Mysql.class.php 第 52 行.
SQL: select * from department where del_flag=0  [ RunTime:0.061081s ]
SQL: select * from floor where dept_id = '1' and del_flag=0  [ RunTime:0.034586s ]
SQL: select * from image where dept_id = '1' and floor_id='10'  [ RunTime:0.008395s ]
SQL: select * from image where dept_id = '1' and floor_id='13'  [ RunTime:0.000440s ]
SQL: select * from image where dept_id = '1' and floor_id='14'  [ RunTime:0.000381s ]
SQL: select * from floor where dept_id = '3' and del_flag=0  [ RunTime:0.000348s ]
SQL: select * from image where dept_id = '3' and floor_id='6'  [ RunTime:0.000447s ]
SQL: select * from image where dept_id = '3' and floor_id='7'  [ RunTime:0.000321s ]
SQL: select * from image where dept_id = '3' and floor_id='8'  [ RunTime:0.000275s ]
SQL: select * from image where dept_id = '3' and floor_id='9'  [ RunTime:0.000288s ]
SQL: select * from image where dept_id = '3' and floor_id='11'  [ RunTime:0.000268s ]
SQL: select * from image where dept_id = '3' and floor_id='12'  [ RunTime:0.000263s ]
SQL: select * from floor where dept_id = '4' and del_flag=0  [ RunTime:0.000249s ]
SQL: select * from floor where dept_id = '5' and del_flag=0  [ RunTime:0.000222s ]
SQL: select * from floor where dept_id = '6' and del_flag=0  [ RunTime:0.000338s ]
SQL: select * from image where dept_id = '6' and floor_id='15'  [ RunTime:0.000354s ]
SQL: select * from floor where dept_id = '7' and del_flag=0  [ RunTime:0.000280s ]
SQL: select * from floor where dept_id = '8' and del_flag=0  [ RunTime:0.000254s ]
SQL: select * from image where dept_id = '8' and floor_id='16'  [ RunTime:0.000273s ]
SQL: select * from floor where dept_id = '9' and del_flag=0  [ RunTime:0.000238s ]
SQL: select * from department where del_flag='0'  [ RunTime:0.000244s ]
INFO: [ view_parse ] --START--
INFO: [ template_filter ] --START--
INFO: Run Behavior\ContentReplaceBehavior [ RunTime:0.000162s ]
INFO: [ template_filter ] --END-- [ RunTime:0.000307s ]
INFO: Run Behavior\ParseTemplateBehavior [ RunTime:0.091786s ]
INFO: [ view_parse ] --END-- [ RunTime:0.091994s ]
INFO: [ view_filter ] --START--
INFO: Run Behavior\WriteHtmlCacheBehavior [ RunTime:0.003470s ]
INFO: [ view_filter ] --END-- [ RunTime:0.003596s ]
INFO: [ app_end ] --START--
INFO: Run Behavior\ShowPageTraceBehavior [ RunTime:0.004779s ]
INFO: [ app_end ] --END-- [ RunTime:0.004969s ]

[ 2015-09-02T15:08:52+08:00 ] ::1 /apppp/index.php/Home/Image/searchFloor
INFO: [ app_init ] --START--
INFO: Run Behavior\BuildLiteBehavior [ RunTime:0.000035s ]
INFO: [ app_init ] --END-- [ RunTime:0.004057s ]
INFO: [ app_begin ] --START--
INFO: Run Behavior\ReadHtmlCacheBehavior [ RunTime:0.004082s ]
INFO: [ app_begin ] --END-- [ RunTime:0.004260s ]
NOTIC: [8192] mysql_connect(): The mysql extension is deprecated and will be removed in the future: use mysqli or PDO instead E:\wamp\www\apppp\ThinkPHP\Library\Think\Db\Driver\Mysql.class.php 第 52 行.
SQL: select * from floor where del_flag='0' and dept_id = '1' [ RunTime:0.000434s ]

[ 2015-09-02T15:09:27+08:00 ] ::1 /apppp/index.php/Home/Image/listImage.html
INFO: [ app_init ] --START--
INFO: Run Behavior\BuildLiteBehavior [ RunTime:0.000026s ]
INFO: [ app_init ] --END-- [ RunTime:0.000666s ]
INFO: [ app_begin ] --START--
INFO: Run Behavior\ReadHtmlCacheBehavior [ RunTime:0.000981s ]
INFO: [ app_begin ] --END-- [ RunTime:0.001115s ]
NOTIC: [8192] mysql_connect(): The mysql extension is deprecated and will be removed in the future: use mysqli or PDO instead E:\wamp\www\apppp\ThinkPHP\Library\Think\Db\Driver\Mysql.class.php 第 52 行.
SQL: select * from department where del_flag=0  [ RunTime:0.000353s ]
SQL: select * from floor where dept_id = '1' and del_flag=0  [ RunTime:0.000338s ]
SQL: select * from image where dept_id = '1' and floor_id='10'  [ RunTime:0.000358s ]
SQL: select * from image where dept_id = '1' and floor_id='13'  [ RunTime:0.000327s ]
SQL: select * from image where dept_id = '1' and floor_id='14'  [ RunTime:0.000307s ]
SQL: select * from floor where dept_id = '3' and del_flag=0  [ RunTime:0.000300s ]
SQL: select * from image where dept_id = '3' and floor_id='6'  [ RunTime:0.000296s ]
SQL: select * from image where dept_id = '3' and floor_id='7'  [ RunTime:0.000288s ]
SQL: select * from image where dept_id = '3' and floor_id='8'  [ RunTime:0.000372s ]
SQL: select * from image where dept_id = '3' and floor_id='9'  [ RunTime:0.000405s ]
SQL: select * from image where dept_id = '3' and floor_id='11'  [ RunTime:0.000996s ]
SQL: select * from image where dept_id = '3' and floor_id='12'  [ RunTime:0.000619s ]
SQL: select * from floor where dept_id = '4' and del_flag=0  [ RunTime:0.000425s ]
SQL: select * from floor where dept_id = '5' and del_flag=0  [ RunTime:0.000387s ]
SQL: select * from floor where dept_id = '6' and del_flag=0  [ RunTime:0.000486s ]
SQL: select * from image where dept_id = '6' and floor_id='15'  [ RunTime:0.000462s ]
SQL: select * from floor where dept_id = '7' and del_flag=0  [ RunTime:0.000416s ]
SQL: select * from floor where dept_id = '8' and del_flag=0  [ RunTime:0.000339s ]
SQL: select * from image where dept_id = '8' and floor_id='16'  [ RunTime:0.000307s ]
SQL: select * from floor where dept_id = '9' and del_flag=0  [ RunTime:0.000329s ]
SQL: select * from department where del_flag='0'  [ RunTime:0.000295s ]
INFO: [ view_parse ] --START--
INFO: [ template_filter ] --START--
INFO: Run Behavior\ContentReplaceBehavior [ RunTime:0.000137s ]
INFO: [ template_filter ] --END-- [ RunTime:0.000265s ]
INFO: Run Behavior\ParseTemplateBehavior [ RunTime:0.016816s ]
INFO: [ view_parse ] --END-- [ RunTime:0.016938s ]
INFO: [ view_filter ] --START--
INFO: Run Behavior\WriteHtmlCacheBehavior [ RunTime:0.000728s ]
INFO: [ view_filter ] --END-- [ RunTime:0.000833s ]
INFO: [ app_end ] --START--
INFO: Run Behavior\ShowPageTraceBehavior [ RunTime:0.002311s ]
INFO: [ app_end ] --END-- [ RunTime:0.002561s ]

[ 2015-09-02T15:09:27+08:00 ] ::1 /apppp/index.php/Home/Image/searchFloor
INFO: [ app_init ] --START--
INFO: Run Behavior\BuildLiteBehavior [ RunTime:0.000047s ]
INFO: [ app_init ] --END-- [ RunTime:0.001116s ]
INFO: [ app_begin ] --START--
INFO: Run Behavior\ReadHtmlCacheBehavior [ RunTime:0.001137s ]
INFO: [ app_begin ] --END-- [ RunTime:0.001276s ]
NOTIC: [8192] mysql_connect(): The mysql extension is deprecated and will be removed in the future: use mysqli or PDO instead E:\wamp\www\apppp\ThinkPHP\Library\Think\Db\Driver\Mysql.class.php 第 52 行.
SQL: select * from floor where del_flag='0' and dept_id = '1' [ RunTime:0.000333s ]

[ 2015-09-02T15:09:56+08:00 ] ::1 /apppp/index.php/Home/Image/delImage
INFO: [ app_init ] --START--
INFO: Run Behavior\BuildLiteBehavior [ RunTime:0.000026s ]
INFO: [ app_init ] --END-- [ RunTime:0.000773s ]
INFO: [ app_begin ] --START--
INFO: Run Behavior\ReadHtmlCacheBehavior [ RunTime:0.000894s ]
INFO: [ app_begin ] --END-- [ RunTime:0.001029s ]
NOTIC: [8192] mysql_connect(): The mysql extension is deprecated and will be removed in the future: use mysqli or PDO instead E:\wamp\www\apppp\ThinkPHP\Library\Think\Db\Driver\Mysql.class.php 第 52 行.
SQL: select * from image where image_id= '' [ RunTime:0.000370s ]
NOTIC: [8] Undefined offset: 0 E:\wamp\www\apppp\Application\Home\Controller\ImageController.class.php 第 47 行.
NOTIC: [8] Undefined offset: 0 E:\wamp\www\apppp\Application\Home\Controller\ImageController.class.php 第 47 行.
SQL: delete from image_detail where image_id= ''  [ RunTime:0.087340s ]
SQL: delete from image where image_id= ''  [ RunTime:0.012524s ]
NOTIC: [2] unlink(): Invalid argument E:\wamp\www\apppp\Application\Home\Controller\ImageController.class.php 第 50 行.

[ 2015-09-02T15:09:57+08:00 ] ::1 /apppp/index.php/Home/Image/delFloor
INFO: [ app_init ] --START--
INFO: Run Behavior\BuildLiteBehavior [ RunTime:0.000042s ]
INFO: [ app_init ] --END-- [ RunTime:0.000877s ]
INFO: [ app_begin ] --START--
INFO: Run Behavior\ReadHtmlCacheBehavior [ RunTime:0.000942s ]
INFO: [ app_begin ] --END-- [ RunTime:0.001048s ]
NOTIC: [8192] mysql_connect(): The mysql extension is deprecated and will be removed in the future: use mysqli or PDO instead E:\wamp\www\apppp\ThinkPHP\Library\Think\Db\Driver\Mysql.class.php 第 52 行.
SQL: update floor set del_flag=1 where floor_id ='8' [ RunTime:0.180511s ]
NOTIC: [8] Undefined variable: data E:\wamp\www\apppp\Application\Home\Controller\ImageController.class.php 第 147 行.

[ 2015-09-02T15:09:57+08:00 ] ::1 /apppp/index.php/Home/Image/listImage.html
INFO: [ app_init ] --START--
INFO: Run Behavior\BuildLiteBehavior [ RunTime:0.000027s ]
INFO: [ app_init ] --END-- [ RunTime:0.000763s ]
INFO: [ app_begin ] --START--
INFO: Run Behavior\ReadHtmlCacheBehavior [ RunTime:0.000834s ]
INFO: [ app_begin ] --END-- [ RunTime:0.000963s ]
NOTIC: [8192] mysql_connect(): The mysql extension is deprecated and will be removed in the future: use mysqli or PDO instead E:\wamp\www\apppp\ThinkPHP\Library\Think\Db\Driver\Mysql.class.php 第 52 行.
SQL: select * from department where del_flag=0  [ RunTime:0.000308s ]
SQL: select * from floor where dept_id = '1' and del_flag=0  [ RunTime:0.000286s ]
SQL: select * from image where dept_id = '1' and floor_id='10'  [ RunTime:0.000304s ]
SQL: select * from image where dept_id = '1' and floor_id='13'  [ RunTime:0.000305s ]
SQL: select * from image where dept_id = '1' and floor_id='14'  [ RunTime:0.000302s ]
SQL: select * from floor where dept_id = '3' and del_flag=0  [ RunTime:0.000311s ]
SQL: select * from image where dept_id = '3' and floor_id='6'  [ RunTime:0.000310s ]
SQL: select * from image where dept_id = '3' and floor_id='7'  [ RunTime:0.000317s ]
SQL: select * from image where dept_id = '3' and floor_id='9'  [ RunTime:0.000394s ]
SQL: select * from image where dept_id = '3' and floor_id='11'  [ RunTime:0.000340s ]
SQL: select * from image where dept_id = '3' and floor_id='12'  [ RunTime:0.001096s ]
SQL: select * from floor where dept_id = '4' and del_flag=0  [ RunTime:0.000388s ]
SQL: select * from floor where dept_id = '5' and del_flag=0  [ RunTime:0.000299s ]
SQL: select * from floor where dept_id = '6' and del_flag=0  [ RunTime:0.000557s ]
SQL: select * from image where dept_id = '6' and floor_id='15'  [ RunTime:0.000642s ]
SQL: select * from floor where dept_id = '7' and del_flag=0  [ RunTime:0.000344s ]
SQL: select * from floor where dept_id = '8' and del_flag=0  [ RunTime:0.000393s ]
SQL: select * from image where dept_id = '8' and floor_id='16'  [ RunTime:0.000406s ]
SQL: select * from floor where dept_id = '9' and del_flag=0  [ RunTime:0.000361s ]
SQL: select * from department where del_flag='0'  [ RunTime:0.000282s ]
INFO: [ view_parse ] --START--
INFO: [ template_filter ] --START--
INFO: Run Behavior\ContentReplaceBehavior [ RunTime:0.000249s ]
INFO: [ template_filter ] --END-- [ RunTime:0.008930s ]
INFO: Run Behavior\ParseTemplateBehavior [ RunTime:0.048176s ]
INFO: [ view_parse ] --END-- [ RunTime:0.048305s ]
INFO: [ view_filter ] --START--
INFO: Run Behavior\WriteHtmlCacheBehavior [ RunTime:0.000696s ]
INFO: [ view_filter ] --END-- [ RunTime:0.000806s ]
INFO: [ app_end ] --START--
INFO: Run Behavior\ShowPageTraceBehavior [ RunTime:0.001995s ]
INFO: [ app_end ] --END-- [ RunTime:0.002184s ]

[ 2015-09-02T15:09:57+08:00 ] ::1 /apppp/index.php/Home/Image/searchFloor
INFO: [ app_init ] --START--
INFO: Run Behavior\BuildLiteBehavior [ RunTime:0.000134s ]
INFO: [ app_init ] --END-- [ RunTime:0.002709s ]
INFO: [ app_begin ] --START--
INFO: Run Behavior\ReadHtmlCacheBehavior [ RunTime:0.001508s ]
INFO: [ app_begin ] --END-- [ RunTime:0.001723s ]
NOTIC: [8192] mysql_connect(): The mysql extension is deprecated and will be removed in the future: use mysqli or PDO instead E:\wamp\www\apppp\ThinkPHP\Library\Think\Db\Driver\Mysql.class.php 第 52 行.
SQL: select * from floor where del_flag='0' and dept_id = '1' [ RunTime:0.000475s ]

