[ 2015-01-17T15:49:16+08:00 ] 127.0.0.1 /app/index.php/Home/Public/login.html
INFO: [ app_init ] --START--
INFO: Run Behavior\BuildLiteBehavior [ RunTime:0.000016s ]
INFO: [ app_init ] --END-- [ RunTime:0.009263s ]
INFO: [ app_begin ] --START--
INFO: Run Behavior\ReadHtmlCacheBehavior [ RunTime:0.001178s ]
INFO: [ app_begin ] --END-- [ RunTime:0.001246s ]
INFO: [ view_parse ] --START--
INFO: [ template_filter ] --START--
INFO: Run Behavior\ContentReplaceBehavior [ RunTime:0.000039s ]
INFO: [ template_filter ] --END-- [ RunTime:0.000104s ]
NOTIC: [8] Undefined variable: msg C:\xampp\htdocs\app\Application\Runtime\Cache\Home\ddaf032eeb3f0e441c9409c65fc90ee1.php 第 10 行.
INFO: Run Behavior\ParseTemplateBehavior [ RunTime:0.024878s ]
INFO: [ view_parse ] --END-- [ RunTime:0.024933s ]
INFO: [ view_filter ] --START--
INFO: Run Behavior\WriteHtmlCacheBehavior [ RunTime:0.009783s ]
INFO: [ view_filter ] --END-- [ RunTime:0.009835s ]
INFO: [ app_end ] --START--
INFO: Run Behavior\ShowPageTraceBehavior [ RunTime:0.005456s ]
INFO: [ app_end ] --END-- [ RunTime:0.005523s ]

[ 2015-01-17T15:49:23+08:00 ] 127.0.0.1 /app/index.php/Home/Public/login.html
INFO: [ app_init ] --START--
INFO: Run Behavior\BuildLiteBehavior [ RunTime:0.000016s ]
INFO: [ app_init ] --END-- [ RunTime:0.000572s ]
INFO: [ app_begin ] --START--
INFO: Run Behavior\ReadHtmlCacheBehavior [ RunTime:0.000804s ]
INFO: [ app_begin ] --END-- [ RunTime:0.000858s ]
SQL: SHOW COLUMNS FROM `user` [ RunTime:0.022609s ]
SQL: SELECT `uid`,`name`,`truename`,`admin_flag`,`dept_id` FROM `user` WHERE ( `name` = 'aa' ) AND ( `pwd` = 'e10adc3949ba59abbe56e057f20f883e' ) LIMIT 1   [ RunTime:0.014652s ]

[ 2015-01-17T15:49:23+08:00 ] 127.0.0.1 /app/index.php/Home/Image/listImage.html
INFO: [ app_init ] --START--
INFO: Run Behavior\BuildLiteBehavior [ RunTime:0.000015s ]
INFO: [ app_init ] --END-- [ RunTime:0.000477s ]
INFO: [ app_begin ] --START--
INFO: Run Behavior\ReadHtmlCacheBehavior [ RunTime:0.000685s ]
INFO: [ app_begin ] --END-- [ RunTime:0.000737s ]
SQL: select * from department where del_flag=0  [ RunTime:0.019209s ]
SQL: select * from floor where dept_id = '1' and del_flag=0  [ RunTime:0.006349s ]
SQL: select * from image where dept_id = '1' and floor_id='1'  [ RunTime:0.009012s ]
SQL: select * from image where dept_id = '1' and floor_id='2'  [ RunTime:0.000198s ]
SQL: select * from floor where dept_id = '2' and del_flag=0  [ RunTime:0.000168s ]
SQL: select * from image where dept_id = '2' and floor_id='4'  [ RunTime:0.000158s ]
SQL: select * from image where dept_id = '2' and floor_id='5'  [ RunTime:0.000150s ]
SQL: select * from department  [ RunTime:0.000132s ]
INFO: [ view_parse ] --START--
INFO: [ template_filter ] --START--
INFO: Run Behavior\ContentReplaceBehavior [ RunTime:0.000114s ]
INFO: [ template_filter ] --END-- [ RunTime:0.000171s ]
INFO: Run Behavior\ParseTemplateBehavior [ RunTime:0.011519s ]
INFO: [ view_parse ] --END-- [ RunTime:0.011589s ]
INFO: [ view_filter ] --START--
INFO: Run Behavior\WriteHtmlCacheBehavior [ RunTime:0.000421s ]
INFO: [ view_filter ] --END-- [ RunTime:0.000465s ]
INFO: [ app_end ] --START--
INFO: Run Behavior\ShowPageTraceBehavior [ RunTime:0.000965s ]
INFO: [ app_end ] --END-- [ RunTime:0.001047s ]

[ 2015-01-17T15:49:24+08:00 ] 127.0.0.1 /app/index.php/Home/Image/searchFloor
INFO: [ app_init ] --START--
INFO: Run Behavior\BuildLiteBehavior [ RunTime:0.000016s ]
INFO: [ app_init ] --END-- [ RunTime:0.000499s ]
INFO: [ app_begin ] --START--
INFO: Run Behavior\ReadHtmlCacheBehavior [ RunTime:0.000698s ]
INFO: [ app_begin ] --END-- [ RunTime:0.000746s ]
SQL: select * from floor where dept_id = '1' [ RunTime:0.000337s ]

[ 2015-01-17T15:49:29+08:00 ] 127.0.0.1 /app/index.php/Home/Image/readImage/image_id/6.html
INFO: [ app_init ] --START--
INFO: Run Behavior\BuildLiteBehavior [ RunTime:0.000015s ]
INFO: [ app_init ] --END-- [ RunTime:0.000498s ]
INFO: [ app_begin ] --START--
INFO: Run Behavior\ReadHtmlCacheBehavior [ RunTime:0.000682s ]
INFO: [ app_begin ] --END-- [ RunTime:0.000734s ]
SQL: SHOW COLUMNS FROM `image` [ RunTime:0.002417s ]
SQL: SELECT * FROM `image` WHERE ( `image_id` = 6 ) LIMIT 1   [ RunTime:0.000300s ]
SQL: SHOW COLUMNS FROM `image_detail` [ RunTime:0.013033s ]
SQL: SELECT * FROM `image_detail` WHERE ( `image_id` = 6 )  [ RunTime:0.000464s ]
INFO: [ view_parse ] --START--
INFO: [ template_filter ] --START--
INFO: Run Behavior\ContentReplaceBehavior [ RunTime:0.000065s ]
INFO: [ template_filter ] --END-- [ RunTime:0.000120s ]
NOTIC: [8] Undefined index: content2 C:\xampp\htdocs\app\Application\Runtime\Cache\Home\91af0b494442a729532da502a52c406c.php 第 54 行.
NOTIC: [8] Undefined index: content3 C:\xampp\htdocs\app\Application\Runtime\Cache\Home\91af0b494442a729532da502a52c406c.php 第 54 行.
INFO: Run Behavior\ParseTemplateBehavior [ RunTime:0.009683s ]
INFO: [ view_parse ] --END-- [ RunTime:0.009745s ]
INFO: [ view_filter ] --START--
INFO: Run Behavior\WriteHtmlCacheBehavior [ RunTime:0.000341s ]
INFO: [ view_filter ] --END-- [ RunTime:0.000385s ]
INFO: [ app_end ] --START--
INFO: Run Behavior\ShowPageTraceBehavior [ RunTime:0.000688s ]
INFO: [ app_end ] --END-- [ RunTime:0.000734s ]

[ 2015-01-17T15:49:39+08:00 ] 127.0.0.1 /app/index.php/Home/Image/saveDetail.html
INFO: [ app_init ] --START--
INFO: Run Behavior\BuildLiteBehavior [ RunTime:0.000014s ]
INFO: [ app_init ] --END-- [ RunTime:0.000479s ]
INFO: [ app_begin ] --START--
INFO: Run Behavior\ReadHtmlCacheBehavior [ RunTime:0.000680s ]
INFO: [ app_begin ] --END-- [ RunTime:0.000731s ]
SQL: SHOW COLUMNS FROM `image_detail` [ RunTime:0.002377s ]
SQL: DELETE FROM `image_detail` WHERE ( image_id=6 ) [ RunTime:0.021264s ]
SQL: INSERT INTO `image_detail` (`image_id`,`content1`,`content2`,`content3`,`left`,`top`) VALUES (6,'','','','187px','233px') [ RunTime:0.017353s ]
INFO: [ view_parse ] --START--
INFO: [ template_filter ] --START--
INFO: Run Behavior\ContentReplaceBehavior [ RunTime:0.000040s ]
INFO: [ template_filter ] --END-- [ RunTime:0.000102s ]
INFO: Run Behavior\ParseTemplateBehavior [ RunTime:0.018694s ]
INFO: [ view_parse ] --END-- [ RunTime:0.018748s ]
INFO: [ view_filter ] --START--
INFO: Run Behavior\WriteHtmlCacheBehavior [ RunTime:0.000331s ]
INFO: [ view_filter ] --END-- [ RunTime:0.000374s ]
INFO: [ app_end ] --START--
INFO: Run Behavior\ShowPageTraceBehavior [ RunTime:0.000688s ]
INFO: [ app_end ] --END-- [ RunTime:0.000734s ]

[ 2015-01-17T15:49:40+08:00 ] 127.0.0.1 /app/index.php/Home/Image/readImage/image_id/6.html
INFO: [ app_init ] --START--
INFO: Run Behavior\BuildLiteBehavior [ RunTime:0.000015s ]
INFO: [ app_init ] --END-- [ RunTime:0.000479s ]
INFO: [ app_begin ] --START--
INFO: Run Behavior\ReadHtmlCacheBehavior [ RunTime:0.000681s ]
INFO: [ app_begin ] --END-- [ RunTime:0.000733s ]
SQL: SHOW COLUMNS FROM `image` [ RunTime:0.002203s ]
SQL: SELECT * FROM `image` WHERE ( `image_id` = 6 ) LIMIT 1   [ RunTime:0.000284s ]
SQL: SHOW COLUMNS FROM `image_detail` [ RunTime:0.002069s ]
SQL: SELECT * FROM `image_detail` WHERE ( `image_id` = 6 )  [ RunTime:0.000220s ]
INFO: [ view_parse ] --START--
INFO: [ template_filter ] --START--
INFO: Run Behavior\ContentReplaceBehavior [ RunTime:0.000066s ]
INFO: [ template_filter ] --END-- [ RunTime:0.000118s ]
NOTIC: [8] Undefined index: content2 C:\xampp\htdocs\app\Application\Runtime\Cache\Home\91af0b494442a729532da502a52c406c.php 第 54 行.
NOTIC: [8] Undefined index: content3 C:\xampp\htdocs\app\Application\Runtime\Cache\Home\91af0b494442a729532da502a52c406c.php 第 54 行.
INFO: Run Behavior\ParseTemplateBehavior [ RunTime:0.009668s ]
INFO: [ view_parse ] --END-- [ RunTime:0.009730s ]
INFO: [ view_filter ] --START--
INFO: Run Behavior\WriteHtmlCacheBehavior [ RunTime:0.000349s ]
INFO: [ view_filter ] --END-- [ RunTime:0.000392s ]
INFO: [ app_end ] --START--
INFO: Run Behavior\ShowPageTraceBehavior [ RunTime:0.000699s ]
INFO: [ app_end ] --END-- [ RunTime:0.000745s ]

[ 2015-01-17T15:49:43+08:00 ] 127.0.0.1 /app/index.php/Home/Image/readImage/image_id/7.html
INFO: [ app_init ] --START--
INFO: Run Behavior\BuildLiteBehavior [ RunTime:0.000015s ]
INFO: [ app_init ] --END-- [ RunTime:0.000477s ]
INFO: [ app_begin ] --START--
INFO: Run Behavior\ReadHtmlCacheBehavior [ RunTime:0.000682s ]
INFO: [ app_begin ] --END-- [ RunTime:0.000734s ]
SQL: SHOW COLUMNS FROM `image` [ RunTime:0.002168s ]
SQL: SELECT * FROM `image` WHERE ( `image_id` = 7 ) LIMIT 1   [ RunTime:0.000262s ]
SQL: SHOW COLUMNS FROM `image_detail` [ RunTime:0.002042s ]
SQL: SELECT * FROM `image_detail` WHERE ( `image_id` = 7 )  [ RunTime:0.000228s ]
INFO: [ view_parse ] --START--
INFO: [ template_filter ] --START--
INFO: Run Behavior\ContentReplaceBehavior [ RunTime:0.000067s ]
INFO: [ template_filter ] --END-- [ RunTime:0.000123s ]
NOTIC: [8] Undefined index: content2 C:\xampp\htdocs\app\Application\Runtime\Cache\Home\91af0b494442a729532da502a52c406c.php 第 54 行.
NOTIC: [8] Undefined index: content3 C:\xampp\htdocs\app\Application\Runtime\Cache\Home\91af0b494442a729532da502a52c406c.php 第 54 行.
INFO: Run Behavior\ParseTemplateBehavior [ RunTime:0.009723s ]
INFO: [ view_parse ] --END-- [ RunTime:0.009787s ]
INFO: [ view_filter ] --START--
INFO: Run Behavior\WriteHtmlCacheBehavior [ RunTime:0.000364s ]
INFO: [ view_filter ] --END-- [ RunTime:0.000407s ]
INFO: [ app_end ] --START--
INFO: Run Behavior\ShowPageTraceBehavior [ RunTime:0.000698s ]
INFO: [ app_end ] --END-- [ RunTime:0.000744s ]

[ 2015-01-17T15:49:44+08:00 ] 127.0.0.1 /app/index.php/Home/Image/readImage/image_id/6.html
INFO: [ app_init ] --START--
INFO: Run Behavior\BuildLiteBehavior [ RunTime:0.000015s ]
INFO: [ app_init ] --END-- [ RunTime:0.000480s ]
INFO: [ app_begin ] --START--
INFO: Run Behavior\ReadHtmlCacheBehavior [ RunTime:0.000685s ]
INFO: [ app_begin ] --END-- [ RunTime:0.000737s ]
SQL: SHOW COLUMNS FROM `image` [ RunTime:0.002286s ]
SQL: SELECT * FROM `image` WHERE ( `image_id` = 6 ) LIMIT 1   [ RunTime:0.000267s ]
SQL: SHOW COLUMNS FROM `image_detail` [ RunTime:0.002019s ]
SQL: SELECT * FROM `image_detail` WHERE ( `image_id` = 6 )  [ RunTime:0.000224s ]
INFO: [ view_parse ] --START--
INFO: [ template_filter ] --START--
INFO: Run Behavior\ContentReplaceBehavior [ RunTime:0.000065s ]
INFO: [ template_filter ] --END-- [ RunTime:0.000116s ]
NOTIC: [8] Undefined index: content2 C:\xampp\htdocs\app\Application\Runtime\Cache\Home\91af0b494442a729532da502a52c406c.php 第 54 行.
NOTIC: [8] Undefined index: content3 C:\xampp\htdocs\app\Application\Runtime\Cache\Home\91af0b494442a729532da502a52c406c.php 第 54 行.
INFO: Run Behavior\ParseTemplateBehavior [ RunTime:0.009559s ]
INFO: [ view_parse ] --END-- [ RunTime:0.009620s ]
INFO: [ view_filter ] --START--
INFO: Run Behavior\WriteHtmlCacheBehavior [ RunTime:0.000358s ]
INFO: [ view_filter ] --END-- [ RunTime:0.000401s ]
INFO: [ app_end ] --START--
INFO: Run Behavior\ShowPageTraceBehavior [ RunTime:0.000690s ]
INFO: [ app_end ] --END-- [ RunTime:0.000734s ]

